[     879ms] [LOG] JQMIGRATE: Migrate is installed, version 3.4.1 @ https://www.taboola.com/wp-includes/js/jquery/jquery-migrate.min.js?ver=3.4.1:1
[     893ms] [LOG] initializing! @ https://www.taboola.com/temp/js/careers.js:78
[     893ms] [LOG] Method: cookie @ https://www.taboola.com/temp/js/careers.js:78
[     893ms] [LOG] {} @ https://www.taboola.com/temp/js/careers.js:78
[     893ms] [LOG] Running integrations @ https://www.taboola.com/temp/js/careers.js:78
[     929ms] [LOG] Faild to post mesage to Iframe https://boards.greenhouse.io/embed/job_app?for=taboola&token=7704034&b=https://careers.taboola.com/job/7704034?t=1780050872&gh_jid=7704034&gh_src= @ https://js.nagich.co.il/core/4.4.0/accessibility.js:0
[     930ms] [LOG] %c[IND]%c You are running %c MacOS %c Operating system, %c Chrome %c browser, version: %c 148 color: White; background: #17384c; font-weight: bold; padding: 3px; border-radius:3px 0 0 3px; color: Black; background: #50e590; font-weight: bold; padding: 3px color: White; background: #17384c; font-weight: bold; padding: 3px; color: Black; background: #50e590; font-weight: bold; padding: 3px color: White; background: #17384c; font-weight: bold; padding: 3px; color: Black; background: #50e590; font-weight: bold; padding: 3px color: White; background: #17384c; font-weight: bold; padding: 3px; border-radius:0 3px 3px 0 @ https://js.nagich.co.il/core/4.4.0/accessibility.js:0
[     930ms] [LOG] %c[IND]%c Version %c4.4.0%c color: White; background: #17384c; font-weight: bold; padding: 3px; border-radius:3px 0 0 3px; color: Black; background: #50e590; font-weight: bold; padding: 3px color: White; background: #17384c; font-weight: bold; padding: 3px; border-radius:0 3px 3px 0  @ https://js.nagich.co.il/core/4.4.0/accessibility.js:0
[    1038ms] TypeError: Cannot read properties of null (reading 'addEventListener')
    at https://www.taboola.com//wp-content/themes/taboola/dist/js/main.min.js:1:87495
[    1120ms] [LOG] Cookie 'tbp-consent' set successfully. @ :0
[    1184ms] [LOG] checking for utms @ https://www.taboola.com/temp/js/careers.js:78
[    1184ms] [LOG] checkForUTMs no utms found @ https://www.taboola.com/temp/js/careers.js:78
[    1187ms] [LOG] Cookie 'tbp-consent' set successfully. @ :0
[    1191ms] [LOG] Cookie 'tbp-consent' set successfully. @ :0
[    1400ms] [LOG] Starting integrations @ https://www.taboola.com/temp/js/careers.js:78
[    1400ms] [LOG] fixing links @ https://www.taboola.com/temp/js/careers.js:109
[    1473ms] [ERROR] Attestation check for Attribution Reporting on https://trc.taboola.com failed. @ https://www.taboola.com/careers/job/senior-product-manager-attribution-incrementality?gh_jid=7704034:0
[    1663ms] Uncaught TypeError: Cannot set properties of null (setting 'innerHTML')
    at Grnhse.Iframe.render (https://boards.greenhouse.io/embed/job_board/js?for=taboola:149:22)
    at Grnhse.Iframe (https://boards.greenhouse.io/embed/job_board/js?for=taboola:91:28)
    at Grnhse.Iframe.load (https://boards.greenhouse.io/embed/job_board/js?for=taboola:284:9)
    at Grnhse.Iframe.autoLoad (https://boards.greenhouse.io/embed/job_board/js?for=taboola:288:16)
[    1815ms] [ERROR] Attestation check for Attribution Reporting on https://trc.taboola.com failed. @ https://www.taboola.com/careers/job/senior-product-manager-attribution-incrementality?gh_jid=7704034:0
[    1834ms] [ERROR] Failed to load resource: the server responded with a status of 401 () @ https://my.greenhouse.io/users/self?job_post_id=7704034:0
[    1835ms] UnauthorizedError: Unauthorized: User is not logged in.
    at Gs.fetchProfile (https://job-boards.cdn.greenhouse.io/assets/entry.client-DJvenSzz.js:61:71218)
