[    3850ms] [LOG] running accessiblity @ https://www.roberthalf.com/etc.clientlibs/roberthalf/clientlibs/clientlib-base.lc-9dc1360bb71e05d7d69958512fa97f25-lc.min.js:2
[    3851ms] [LOG] rendering label @ https://www.roberthalf.com/etc.clientlibs/roberthalf/clientlibs/clientlib-base.lc-9dc1360bb71e05d7d69958512fa97f25-lc.min.js:2
[    3928ms] [LOG] rh_job_search version: 1.92.0 @ https://resources.roberthalfonline.com/rhjs/v1.92.0/static/js/main.js:1
[    4085ms] [LOG] CA hashcode: 9770840c434fbb27cd3421d1ad5aa4f8 | event: instantaneous @ https://js.clrt.ai/13995.js:9
[    4231ms] [LOG] Tealium Publish Version: ut4.49.202604161340 @ https://tags.roberthalf.com/brazil2/prod/utag.js:79
[    4231ms] [LOG] Tealium Environment: prod @ https://tags.roberthalf.com/brazil2/prod/utag.js:79
[    4231ms] [LOG] Tealium Profile: brazil2 @ https://tags.roberthalf.com/brazil2/prod/utag.js:79
[    4254ms] [ERROR] Access to font at 'https://rh.my.salesforce-sites.com/liveagent/resource/1726017848000/NotoSans/NotoSans-Regular.woff' from origin 'https://www.roberthalf.com' has been blocked by CORS policy: No 'Access-Control-Allow-Origin' header is present on the requested resource. @ https://www.roberthalf.com/br/pt/vaga/barueri/principal-finance-controller-latam/63610-0013406600-brpt:0
[    4254ms] [ERROR] Failed to load resource: net::ERR_FAILED @ https://rh.my.salesforce-sites.com/liveagent/resource/1726017848000/NotoSans/NotoSans-Regular.woff:0
[    4591ms] [INFO] Using RHCL v42.0.2 @ https://resources.roberthalfonline.com/rhjs/v1.92.0/static/js/8876.b3024dc0.chunk.js:0
[    4607ms] [ERROR] TypeError: Cannot read properties of undefined (reading 'job_card')
    at c.updateFormattedText (https://resources.roberthalfonline.com/rhjs/v1.92.0/static/js/4485.e531b268.chunk.js:1:9890)
    at https://resources.roberthalfonline.com/rhjs/v1.92.0/static/js/main.js:2:20239
    at Array.map (<anonymous>)
    at ke (https://resources.roberthalfonline.com/rhjs/v1.92.0/static/js/main.js:2:20223)
    at c.set [as worksite] (https://resources.roberthalfonline.com/rhjs/v1.92.0/static/js/main.js:2:21309)
    at https://resources.roberthalfonline.com/rhjs/v1.92.0/static/js/4485.e531b268.chunk.js:1:4570
    at NodeList.forEach (<anonymous>)
    at c.addSlotAttributes (https://resources.roberthalfonline.com/rhjs/v1.92.0/static/js/4485.e531b268.chunk.js:1:4442)
    at c.componentDidRender (https://resources.roberthalfonline.com/rhjs/v1.92.0/static/js/4485.e531b268.chunk.js:1:2661)
    at Se (https://resources.roberthalfonline.com/rhjs/v1.92.0/static/js/main.js:2:19362) JSHandle@node @ https://resources.roberthalfonline.com/rhjs/v1.92.0/static/js/main.js:1
[    4610ms] [ERROR] TypeError: Cannot read properties of undefined (reading 'job_card')
    at c.updateFormattedText (https://resources.roberthalfonline.com/rhjs/v1.92.0/static/js/4485.e531b268.chunk.js:1:9890)
    at https://resources.roberthalfonline.com/rhjs/v1.92.0/static/js/main.js:2:20239
    at Array.map (<anonymous>)
    at ke (https://resources.roberthalfonline.com/rhjs/v1.92.0/static/js/main.js:2:20223)
    at c.set [as salaryMin] (https://resources.roberthalfonline.com/rhjs/v1.92.0/static/js/main.js:2:21309)
    at https://resources.roberthalfonline.com/rhjs/v1.92.0/static/js/4485.e531b268.chunk.js:1:4867
    at NodeList.forEach (<anonymous>)
    at https://resources.roberthalfonline.com/rhjs/v1.92.0/static/js/4485.e531b268.chunk.js:1:4785
    at NodeList.forEach (<anonymous>)
    at c.addSlotAttributes (https://resources.roberthalfonline.com/rhjs/v1.92.0/static/js/4485.e531b268.chunk.js:1:4442) JSHandle@node @ https://resources.roberthalfonline.com/rhjs/v1.92.0/static/js/main.js:1
[    4611ms] [ERROR] TypeError: Cannot read properties of undefined (reading 'job_card')
    at c.updateFormattedText (https://resources.roberthalfonline.com/rhjs/v1.92.0/static/js/4485.e531b268.chunk.js:1:9890)
    at https://resources.roberthalfonline.com/rhjs/v1.92.0/static/js/main.js:2:20239
    at Array.map (<anonymous>)
    at ke (https://resources.roberthalfonline.com/rhjs/v1.92.0/static/js/main.js:2:20223)
    at c.set [as salaryCurrency] (https://resources.roberthalfonline.com/rhjs/v1.92.0/static/js/main.js:2:21309)
    at https://resources.roberthalfonline.com/rhjs/v1.92.0/static/js/4485.e531b268.chunk.js:1:5039
    at NodeList.forEach (<anonymous>)
    at https://resources.roberthalfonline.com/rhjs/v1.92.0/static/js/4485.e531b268.chunk.js:1:4785
    at NodeList.forEach (<anonymous>)
    at c.addSlotAttributes (https://resources.roberthalfonline.com/rhjs/v1.92.0/static/js/4485.e531b268.chunk.js:1:4442) JSHandle@node @ https://resources.roberthalfonline.com/rhjs/v1.92.0/static/js/main.js:1
[    4611ms] [ERROR] TypeError: Cannot read properties of undefined (reading 'job_card')
    at c.updateFormattedText (https://resources.roberthalfonline.com/rhjs/v1.92.0/static/js/4485.e531b268.chunk.js:1:9890)
    at https://resources.roberthalfonline.com/rhjs/v1.92.0/static/js/main.js:2:20239
    at Array.map (<anonymous>)
    at ke (https://resources.roberthalfonline.com/rhjs/v1.92.0/static/js/main.js:2:20223)
    at c.set [as salaryPeriod] (https://resources.roberthalfonline.com/rhjs/v1.92.0/static/js/main.js:2:21309)
    at https://resources.roberthalfonline.com/rhjs/v1.92.0/static/js/4485.e531b268.chunk.js:1:4977
    at NodeList.forEach (<anonymous>)
    at https://resources.roberthalfonline.com/rhjs/v1.92.0/static/js/4485.e531b268.chunk.js:1:4785
    at NodeList.forEach (<anonymous>)
    at c.addSlotAttributes (https://resources.roberthalfonline.com/rhjs/v1.92.0/static/js/4485.e531b268.chunk.js:1:4442) JSHandle@node @ https://resources.roberthalfonline.com/rhjs/v1.92.0/static/js/main.js:1
[    4612ms] [ERROR] TypeError: Cannot read properties of undefined (reading 'job_card')
    at c.updateFormattedText (https://resources.roberthalfonline.com/rhjs/v1.92.0/static/js/4485.e531b268.chunk.js:1:9890)
    at https://resources.roberthalfonline.com/rhjs/v1.92.0/static/js/main.js:2:20239
    at Array.map (<anonymous>)
    at ke (https://resources.roberthalfonline.com/rhjs/v1.92.0/static/js/main.js:2:20223)
    at c.set [as date] (https://resources.roberthalfonline.com/rhjs/v1.92.0/static/js/main.js:2:21309)
    at https://resources.roberthalfonline.com/rhjs/v1.92.0/static/js/4485.e531b268.chunk.js:1:4714
    at NodeList.forEach (<anonymous>)
    at c.addSlotAttributes (https://resources.roberthalfonline.com/rhjs/v1.92.0/static/js/4485.e531b268.chunk.js:1:4442)
    at c.componentDidRender (https://resources.roberthalfonline.com/rhjs/v1.92.0/static/js/4485.e531b268.chunk.js:1:2661)
    at Se (https://resources.roberthalfonline.com/rhjs/v1.92.0/static/js/main.js:2:19362) JSHandle@node @ https://resources.roberthalfonline.com/rhjs/v1.92.0/static/js/main.js:1
[    4615ms] [ERROR] TypeError: Cannot read properties of undefined (reading 'job_card')
    at c.updateFormattedText (https://resources.roberthalfonline.com/rhjs/v1.92.0/static/js/4485.e531b268.chunk.js:1:9890)
    at https://resources.roberthalfonline.com/rhjs/v1.92.0/static/js/main.js:2:20239
    at Array.map (<anonymous>)
    at ke (https://resources.roberthalfonline.com/rhjs/v1.92.0/static/js/main.js:2:20223)
    at c.set [as salaryMin] (https://resources.roberthalfonline.com/rhjs/v1.92.0/static/js/main.js:2:21309)
    at https://resources.roberthalfonline.com/rhjs/v1.92.0/static/js/4485.e531b268.chunk.js:1:4867
    at NodeList.forEach (<anonymous>)
    at https://resources.roberthalfonline.com/rhjs/v1.92.0/static/js/4485.e531b268.chunk.js:1:4785
    at NodeList.forEach (<anonymous>)
    at c.addSlotAttributes (https://resources.roberthalfonline.com/rhjs/v1.92.0/static/js/4485.e531b268.chunk.js:1:4442) JSHandle@node @ https://resources.roberthalfonline.com/rhjs/v1.92.0/static/js/main.js:1
[    4615ms] [ERROR] TypeError: Cannot read properties of undefined (reading 'job_card')
    at c.updateFormattedText (https://resources.roberthalfonline.com/rhjs/v1.92.0/static/js/4485.e531b268.chunk.js:1:9890)
    at https://resources.roberthalfonline.com/rhjs/v1.92.0/static/js/main.js:2:20239
    at Array.map (<anonymous>)
    at ke (https://resources.roberthalfonline.com/rhjs/v1.92.0/static/js/main.js:2:20223)
    at c.set [as salaryCurrency] (https://resources.roberthalfonline.com/rhjs/v1.92.0/static/js/main.js:2:21309)
    at https://resources.roberthalfonline.com/rhjs/v1.92.0/static/js/4485.e531b268.chunk.js:1:5039
    at NodeList.forEach (<anonymous>)
    at https://resources.roberthalfonline.com/rhjs/v1.92.0/static/js/4485.e531b268.chunk.js:1:4785
    at NodeList.forEach (<anonymous>)
    at c.addSlotAttributes (https://resources.roberthalfonline.com/rhjs/v1.92.0/static/js/4485.e531b268.chunk.js:1:4442) JSHandle@node @ https://resources.roberthalfonline.com/rhjs/v1.92.0/static/js/main.js:1
[    4616ms] [ERROR] TypeError: Cannot read properties of undefined (reading 'job_card')
    at c.updateFormattedText (https://resources.roberthalfonline.com/rhjs/v1.92.0/static/js/4485.e531b268.chunk.js:1:9890)
    at https://resources.roberthalfonline.com/rhjs/v1.92.0/static/js/main.js:2:20239
    at Array.map (<anonymous>)
    at ke (https://resources.roberthalfonline.com/rhjs/v1.92.0/static/js/main.js:2:20223)
    at c.set [as salaryPeriod] (https://resources.roberthalfonline.com/rhjs/v1.92.0/static/js/main.js:2:21309)
    at https://resources.roberthalfonline.com/rhjs/v1.92.0/static/js/4485.e531b268.chunk.js:1:4977
    at NodeList.forEach (<anonymous>)
    at https://resources.roberthalfonline.com/rhjs/v1.92.0/static/js/4485.e531b268.chunk.js:1:4785
    at NodeList.forEach (<anonymous>)
    at c.addSlotAttributes (https://resources.roberthalfonline.com/rhjs/v1.92.0/static/js/4485.e531b268.chunk.js:1:4442) JSHandle@node @ https://resources.roberthalfonline.com/rhjs/v1.92.0/static/js/main.js:1
[    4616ms] [ERROR] TypeError: Cannot read properties of undefined (reading 'job_card')
    at c.updateFormattedText (https://resources.roberthalfonline.com/rhjs/v1.92.0/static/js/4485.e531b268.chunk.js:1:9890)
    at https://resources.roberthalfonline.com/rhjs/v1.92.0/static/js/main.js:2:20239
    at Array.map (<anonymous>)
    at ke (https://resources.roberthalfonline.com/rhjs/v1.92.0/static/js/main.js:2:20223)
    at c.set [as date] (https://resources.roberthalfonline.com/rhjs/v1.92.0/static/js/main.js:2:21309)
    at https://resources.roberthalfonline.com/rhjs/v1.92.0/static/js/4485.e531b268.chunk.js:1:4714
    at NodeList.forEach (<anonymous>)
    at c.addSlotAttributes (https://resources.roberthalfonline.com/rhjs/v1.92.0/static/js/4485.e531b268.chunk.js:1:4442)
    at c.componentDidRender (https://resources.roberthalfonline.com/rhjs/v1.92.0/static/js/4485.e531b268.chunk.js:1:2661)
    at Se (https://resources.roberthalfonline.com/rhjs/v1.92.0/static/js/main.js:2:19362) JSHandle@node @ https://resources.roberthalfonline.com/rhjs/v1.92.0/static/js/main.js:1
[    4729ms] [LOG] rhcl config loaded for pt-BR @ https://resources.roberthalfonline.com/rhjs/v1.92.0/static/js/8876.b3024dc0.chunk.js:0
[    4745ms] [LOG] rhcl config loaded for pt-BR @ https://resources.roberthalfonline.com/rhjs/v1.92.0/static/js/8876.b3024dc0.chunk.js:0
