[      65ms] [ERROR] Failed to load resource: net::ERR_FAILED @ chrome-extension://invalid/:0
[     174ms] [ERROR] Failed to load resource: net::ERR_FAILED @ chrome-extension://invalid/:0
[    2722ms] [LOG] %c EvalError
    at pu (https://client.protechts.net/PXdOjV695v/main.min.js:2:61136)
    at rw (https://client.protechts.net/PXdOjV695v/main.min.js:2:70655)
    at Kv (https://client.protechts.net/PXdOjV695v/main.min.js:2:223426)
    at Kt (https://client.protechts.net/PXdOjV695v/main.min.js:2:223043)
    at https://client.protechts.net/PXdOjV695v/main.min.js:2:224759
    at https://client.protechts.net/PXdOjV695v/main.min.js:2:224765
    at https://client.protechts.net/PXdOjV695v/main.min.js:2:225230 @ https://client.protechts.net/PXdOjV695v/main.min.js:1
[    2753ms] [LOG] %c EvalError
    at pu (https://client.protechts.net/PXdOjV695v/main.min.js:2:61136)
    at rw (https://client.protechts.net/PXdOjV695v/main.min.js:2:70655)
    at Kv (https://client.protechts.net/PXdOjV695v/main.min.js:2:223426)
    at Kt (https://client.protechts.net/PXdOjV695v/main.min.js:2:223043)
    at https://client.protechts.net/PXdOjV695v/main.min.js:2:224759
    at https://client.protechts.net/PXdOjV695v/main.min.js:2:224765
    at https://client.protechts.net/PXdOjV695v/main.min.js:2:225230 @ https://client.protechts.net/PXdOjV695v/main.min.js:1
[    5931ms] [LOG] visitor.publishDestinations() result: Attempted to attach and load the destination publishing iframe through this API call. Result: The destination publishing iframe was attached and loaded successfully. @ https://platform.linkedin.com/litms/utag/voyager-web-jobs/utag.js?cb=1776349800000:7
[    7643ms] [ERROR] Failed to load resource: net::ERR_FAILED @ chrome-extension://invalid/:0
[    7744ms] [ERROR] Failed to load resource: net::ERR_FAILED @ chrome-extension://invalid/:0
[    7847ms] [ERROR] Failed to load resource: net::ERR_FAILED @ chrome-extension://invalid/:0
[    7955ms] [ERROR] Failed to load resource: net::ERR_FAILED @ chrome-extension://invalid/:0
[    8062ms] [ERROR] Failed to load resource: net::ERR_FAILED @ chrome-extension://invalid/:0
[    8164ms] [ERROR] Failed to load resource: net::ERR_FAILED @ chrome-extension://invalid/:0
[    8280ms] [ERROR] Failed to load resource: net::ERR_FAILED @ chrome-extension://invalid/:0
[    8381ms] [ERROR] Failed to load resource: net::ERR_FAILED @ chrome-extension://invalid/:0
[    8482ms] [ERROR] Failed to load resource: net::ERR_FAILED @ chrome-extension://invalid/:0
[    8592ms] [ERROR] Failed to load resource: net::ERR_FAILED @ chrome-extension://invalid/:0
[    8701ms] [ERROR] Failed to load resource: net::ERR_FAILED @ chrome-extension://invalid/:0
[    8810ms] [ERROR] Failed to load resource: net::ERR_FAILED @ chrome-extension://invalid/:0
[    8918ms] [ERROR] Failed to load resource: net::ERR_FAILED @ chrome-extension://invalid/:0
[    9027ms] [ERROR] Failed to load resource: net::ERR_FAILED @ chrome-extension://invalid/:0
[    9136ms] [ERROR] Failed to load resource: net::ERR_FAILED @ chrome-extension://invalid/:0
[    9244ms] [ERROR] Failed to load resource: net::ERR_FAILED @ chrome-extension://invalid/:0
[    9352ms] [ERROR] Failed to load resource: net::ERR_FAILED @ chrome-extension://invalid/:0
[    9461ms] [ERROR] Failed to load resource: net::ERR_FAILED @ chrome-extension://invalid/:0
[    9569ms] [ERROR] Failed to load resource: net::ERR_FAILED @ chrome-extension://invalid/:0
[    9671ms] [ERROR] Failed to load resource: net::ERR_FAILED @ chrome-extension://invalid/:0
