[     705ms] [LOG] JQMIGRATE: Migrate is installed, version 3.3.0 @ https://performancemanager.successfactors.eu/verp/vmod_v1/ui/extlib/jquery_3.5.1/jquery.js:4
[     705ms] [LOG] JQMIGRATE: Migrate plugin loaded multiple times @ https://performancemanager.successfactors.eu/verp/vmod_v1/ui/extlib/jquery_3.5.1/jquery-migrate.js:1
[     705ms] [LOG] JQMIGRATE: Migrate is installed, version 3.3.0 @ https://performancemanager.successfactors.eu/verp/vmod_v1/ui/extlib/jquery_3.5.1/jquery-migrate.js:1
[     705ms] [LOG] JQMIGRATE: Migrate is installed, version 1.4.1 @ https://careers.triviumpackaging.com/platform/js/jquery/jquery-migrate-1.4.1.js:22
[    1343ms] Uncaught TypeError: Cannot read properties of undefined (reading 'on')
    at <anonymous> (https://careers.triviumpackaging.com/platform/js/j2w/j2w.bootstrap.dropdown.js:49:67)
    at e (https://performancemanager.successfactors.eu/verp/vmod_v1/ui/extlib/jquery_3.5.1/jquery.js:1:30004)
    at <anonymous> (https://performancemanager.successfactors.eu/verp/vmod_v1/ui/extlib/jquery_3.5.1/jquery.js:1:30306)
[    1410ms] [WARNING] [@xweb/core-utils/util/pageMetaData] Initiating polling for pageInfo, this is a potential performance issue @ https://performancemanager.successfactors.eu/verp/vmod_3/ui/rmk-jobs-search/resources_4.59.1/static/js/main.c4b66e06.js:1
[    1412ms] [LOG] [@xweb/core-utils/src/util/PerfPhase] TRS: 1407 ms (93 ms) @ https://performancemanager.successfactors.eu/verp/vmod_3/ui/rmk-jobs-search/resources_4.59.1/static/js/main.c4b66e06.js:1
[    1416ms] [LOG] getJobMatchingSkills input: [] @ https://performancemanager.successfactors.eu/verp/vmod_3/ui/rmk-jobs-search/resources_4.59.1/static/js/main.c4b66e06.js:1
[    1416ms] [LOG] getJobMatchingSkills output: [] @ https://performancemanager.successfactors.eu/verp/vmod_3/ui/rmk-jobs-search/resources_4.59.1/static/js/main.c4b66e06.js:1
[    1425ms] [INFO] [xweb/rmk-jobs-search] --------------------------------------------- @ https://performancemanager.successfactors.eu/verp/vmod_3/ui/rmk-jobs-search/resources_4.59.1/static/js/main.c4b66e06.js:1
[    1425ms] [INFO] [xweb/rmk-jobs-search] app name: xweb/rmk-jobs-search @ https://performancemanager.successfactors.eu/verp/vmod_3/ui/rmk-jobs-search/resources_4.59.1/static/js/main.c4b66e06.js:1
[    1425ms] [INFO] [xweb/rmk-jobs-search] app environment: production @ https://performancemanager.successfactors.eu/verp/vmod_3/ui/rmk-jobs-search/resources_4.59.1/static/js/main.c4b66e06.js:1
[    1425ms] [INFO] [xweb/rmk-jobs-search] app version: 4.59.1
 @ https://performancemanager.successfactors.eu/verp/vmod_3/ui/rmk-jobs-search/resources_4.59.1/static/js/main.c4b66e06.js:1
[    1425ms] [INFO] [xweb/rmk-jobs-search] app build str:  @ https://performancemanager.successfactors.eu/verp/vmod_3/ui/rmk-jobs-search/resources_4.59.1/static/js/main.c4b66e06.js:1
[    1425ms] [INFO] [xweb/rmk-jobs-search] --------------------------------------------- @ https://performancemanager.successfactors.eu/verp/vmod_3/ui/rmk-jobs-search/resources_4.59.1/static/js/main.c4b66e06.js:1
[    1428ms] [INFO] [xweb/rmk-jobs-search] init odata request: baseURL: undefined useBatch: false timeout: 25000 mock: false @ https://performancemanager.successfactors.eu/verp/vmod_3/ui/rmk-jobs-search/resources_4.59.1/static/js/main.c4b66e06.js:1
[    1428ms] [INFO] [xweb/rmk-jobs-search] init http request: baseURL: undefined timeout: 25000 mock: false @ https://performancemanager.successfactors.eu/verp/vmod_3/ui/rmk-jobs-search/resources_4.59.1/static/js/main.c4b66e06.js:1
[    1429ms] [INFO] [xweb/rmk-jobs-search] init ui5 with config: theme sap_horizon language: undefined @ https://performancemanager.successfactors.eu/verp/vmod_3/ui/rmk-jobs-search/resources_4.59.1/static/js/main.c4b66e06.js:1
[    1429ms] [INFO] [xweb/rmk-jobs-search] widgetParams: {"widgetName":"xweb/rmk-jobs-search","widgetRenderId":"jobSearch_j_id1","uiComponentName":"jobSearch"} @ https://performancemanager.successfactors.eu/verp/vmod_3/ui/rmk-jobs-search/resources_4.59.1/static/js/main.c4b66e06.js:1
[    1429ms] [INFO] [xweb/rmk-jobs-search] app initialized @ https://performancemanager.successfactors.eu/verp/vmod_3/ui/rmk-jobs-search/resources_4.59.1/static/js/main.c4b66e06.js:1
[    1429ms] [INFO] [xweb/rmk-jobs-search] app mounted @ https://performancemanager.successfactors.eu/verp/vmod_3/ui/rmk-jobs-search/resources_4.59.1/static/js/main.c4b66e06.js:1
[    1430ms] [INFO] [xweb/rmk-jobs-search] app started @ https://performancemanager.successfactors.eu/verp/vmod_3/ui/rmk-jobs-search/resources_4.59.1/static/js/main.c4b66e06.js:1
