[    2941ms] [LOG] JQMIGRATE: Migrate is installed, version 3.3.0 @ https://performancemanager5.successfactors.eu/verp/vmod_v1/ui/extlib/jquery_3.5.1/jquery.js:4
[    2942ms] [LOG] JQMIGRATE: Migrate plugin loaded multiple times @ https://performancemanager5.successfactors.eu/verp/vmod_v1/ui/extlib/jquery_3.5.1/jquery-migrate.js:1
[    2943ms] [LOG] JQMIGRATE: Migrate is installed, version 3.3.0 @ https://performancemanager5.successfactors.eu/verp/vmod_v1/ui/extlib/jquery_3.5.1/jquery-migrate.js:1
[    3580ms] [LOG] JQMIGRATE: Migrate is installed, version 1.4.1 @ https://jobs.sap.com/platform/js/jquery/jquery-migrate-1.4.1.js:22
[    3765ms] [WARNING] A preload for 'https://jobs.sap.com/sites/csb/sap/72Brand/72BrandVariable_Th-Blk.woff2' is found, but is not used because the request credentials mode does not match. Consider taking a look at crossorigin attribute. @ https://performancemanager5.successfactors.eu/verp/vmod_v1/ui/extlib/jquery_3.5.1/jquery.js:1
[    3765ms] [WARNING] A preload for 'https://jobs.sap.com/sites/csb/sap/72Brand/72BrandVariable_Th-Blk.woff2' is found, but is not used because the request credentials mode does not match. Consider taking a look at crossorigin attribute. @ https://performancemanager5.successfactors.eu/verp/vmod_v1/ui/extlib/jquery_3.5.1/jquery.js:1
[    3765ms] [WARNING] A preload for 'https://jobs.sap.com/sites/csb/sap/72Brand/72BrandVariable_Th-Blk.woff2' is found, but is not used because the request credentials mode does not match. Consider taking a look at crossorigin attribute. @ https://performancemanager5.successfactors.eu/verp/vmod_v1/ui/extlib/jquery_3.5.1/jquery.js:1
[    3765ms] [WARNING] A preload for 'https://jobs.sap.com/sites/csb/sap/72Brand/72BrandVariable_Th-Blk.woff2' is found, but is not used because the request credentials mode does not match. Consider taking a look at crossorigin attribute. @ https://performancemanager5.successfactors.eu/verp/vmod_v1/ui/extlib/jquery_3.5.1/jquery.js:1
[    3765ms] [WARNING] A preload for 'https://jobs.sap.com/sites/csb/sap/72Brand/72BrandVariable_Th-Blk.woff2' is found, but is not used because the request credentials mode does not match. Consider taking a look at crossorigin attribute. @ https://performancemanager5.successfactors.eu/verp/vmod_v1/ui/extlib/jquery_3.5.1/jquery.js:1
[    3766ms] [WARNING] A preload for 'https://jobs.sap.com/sites/csb/sap/72Brand/72BrandVariable_Th-Blk.woff2' is found, but is not used because the request credentials mode does not match. Consider taking a look at crossorigin attribute. @ https://performancemanager5.successfactors.eu/verp/vmod_v1/ui/extlib/jquery_3.5.1/jquery.js:1
[    3799ms] [ERROR] Failed to load resource: net::ERR_NAME_NOT_RESOLVED @ https://people.wdf.sap.corp/favicon.ico?vpncheck1776350062296:0
[    4189ms] [LOG] %c EvalError
    at oU (https://client.px-cloud.net/PXyAcH2HjB/main.min.js:2:64083)
    at qW (https://client.px-cloud.net/PXyAcH2HjB/main.min.js:2:68757)
    at Km (https://client.px-cloud.net/PXyAcH2HjB/main.min.js:2:224439)
    at Kk (https://client.px-cloud.net/PXyAcH2HjB/main.min.js:2:224056)
    at https://client.px-cloud.net/PXyAcH2HjB/main.min.js:2:225799
    at https://client.px-cloud.net/PXyAcH2HjB/main.min.js:2:225805
    at https://client.px-cloud.net/PXyAcH2HjB/main.min.js:2:226270 @ https://client.px-cloud.net/PXyAcH2HjB/main.min.js:1
[    5447ms] [ERROR] Failed to load resource: the server responded with a status of 404 (Not Found) @ https://rmkcdn.successfactors.com/84a30c28/bentonsansbold.ttf:0
[    8226ms] TypeError: Cannot read properties of null (reading 'setAttribute')
    at https://jobs.sap.com/errorpage/?errortype=Exception:569:1427
