[    1936ms] [ERROR] Failed to load resource: net::ERR_FAILED @ chrome-extension://invalid/:0
[    1979ms] [LOG] %c EvalError
    at og (https://client.protechts.net/PXdOjV695v/main.min.js:2:62927)
    at qi (https://client.protechts.net/PXdOjV695v/main.min.js:2:71642)
    at Jp (https://client.protechts.net/PXdOjV695v/main.min.js:2:223354)
    at Jn (https://client.protechts.net/PXdOjV695v/main.min.js:2:222980)
    at https://client.protechts.net/PXdOjV695v/main.min.js:2:224690
    at https://client.protechts.net/PXdOjV695v/main.min.js:2:224696
    at https://client.protechts.net/PXdOjV695v/main.min.js:2:225161 @ https://client.protechts.net/PXdOjV695v/main.min.js:1
[    1992ms] [LOG] %c EvalError
    at og (https://client.protechts.net/PXdOjV695v/main.min.js:2:62927)
    at qi (https://client.protechts.net/PXdOjV695v/main.min.js:2:71642)
    at Jp (https://client.protechts.net/PXdOjV695v/main.min.js:2:223354)
    at Jn (https://client.protechts.net/PXdOjV695v/main.min.js:2:222980)
    at https://client.protechts.net/PXdOjV695v/main.min.js:2:224690
    at https://client.protechts.net/PXdOjV695v/main.min.js:2:224696
    at https://client.protechts.net/PXdOjV695v/main.min.js:2:225161 @ https://client.protechts.net/PXdOjV695v/main.min.js:1
[    2090ms] [ERROR] Failed to load resource: net::ERR_FAILED @ chrome-extension://invalid/:0
[    2296ms] [ERROR] Failed to load resource: net::ERR_FAILED @ chrome-extension://invalid/:0
[    2657ms] [ERROR] Failed to load resource: net::ERR_FAILED @ chrome-extension://invalid/:0
[    2841ms] [LOG] visitor.publishDestinations() result: Attempted to attach and load the destination publishing iframe through this API call. Result: The destination publishing iframe was attached and loaded successfully. @ https://platform.linkedin.com/litms/utag/voyager-web-jobs/utag.js?cb=1776776100000:7
[    2857ms] [ERROR] Failed to load resource: net::ERR_FAILED @ chrome-extension://invalid/:0
[    3230ms] [ERROR] Failed to load resource: net::ERR_FAILED @ chrome-extension://invalid/:0
[    3573ms] [ERROR] Failed to load resource: net::ERR_FAILED @ chrome-extension://invalid/:0
[    3920ms] [ERROR] Failed to load resource: net::ERR_FAILED @ chrome-extension://invalid/:0
[    4033ms] [ERROR] Failed to load resource: net::ERR_FAILED @ chrome-extension://invalid/:0
[    4190ms] [ERROR] Failed to load resource: net::ERR_FAILED @ chrome-extension://invalid/:0
[    4303ms] [ERROR] Failed to load resource: net::ERR_FAILED @ chrome-extension://invalid/:0
[    4404ms] [ERROR] Failed to load resource: net::ERR_FAILED @ chrome-extension://invalid/:0
[    4507ms] [ERROR] Failed to load resource: net::ERR_FAILED @ chrome-extension://invalid/:0
[    4614ms] [ERROR] Failed to load resource: net::ERR_FAILED @ chrome-extension://invalid/:0
[    4715ms] [ERROR] Failed to load resource: net::ERR_FAILED @ chrome-extension://invalid/:0
[    4816ms] [ERROR] Failed to load resource: net::ERR_FAILED @ chrome-extension://invalid/:0
[    4920ms] [ERROR] Failed to load resource: net::ERR_FAILED @ chrome-extension://invalid/:0
[    5027ms] [ERROR] Failed to load resource: net::ERR_FAILED @ chrome-extension://invalid/:0
