[    2113ms] [LOG] JQMIGRATE: Migrate is installed with logging active, version 3.3.1 @ https://tbcdn.talentbrew.com/bundles/jquery-client.js:18
[    2430ms] [WARNING] JQMIGRATE: jQuery.type is deprecated @ https://tbcdn.talentbrew.com/bundles/jquery-client.js:18
[    2545ms] [LOG] %c TabList v1.9 in use.  background: #6e00ee; color: #fff @ https://tbcdn.talentbrew.com/company/34155/js/67173-GST.min.js:0
[    2546ms] [LOG] %c Horizontal Free-Scroller v1.4 in use.  background: #6e00ee; color: #fff @ https://tbcdn.talentbrew.com/company/34155/js/67173-GST.min.js:7
[    2589ms] [WARNING] JQMIGRATE: jQuery.fn.click() event shorthand is deprecated @ https://tbcdn.talentbrew.com/bundles/jquery-client.js:18
[    2603ms] [LOG] %cMagicBullet%cv2.2 background: #2d2d2d; color: #fff; padding: 6px 10px; border-radius: 16px 0 0 16px; font-weight: 600; background: #6e00ee; color: #fff; padding: 6px 10px; border-radius: 0 16px 16px 0; font-weight: 600; @ https://services.tmpwebeng.com/magicbullet/init.js:26
[    2817ms] [ERROR] Invalid 'X-Frame-Options' header encountered when loading 'https://sidebar.bugherd.com/': '' is not a recognized directive. The header will be ignored. @ https://sidebar.bugherd.com/sidebar/embed_html?apikey=hpvmlqjkjdgkiqugjhj4lq:0
[    2833ms] [LOG] ----------------- reloading.. @ https://careers.unilever.com/en:227
[    2890ms] [LOG] Error in fetch URL : https://cdn.cookielaw.org/scripttemplates/202303.1.0/assets/v2/otPcPanel.json Exception :TypeError: Failed to fetch @ https://cdn.cookielaw.org/scripttemplates/202303.1.0/otBannerSdk.js:6
[    2890ms] [LOG] Error in fetch URL : https://cdn.cookielaw.org/scripttemplates/202303.1.0/assets/otCommonStyles.css Exception :TypeError: Failed to fetch @ https://cdn.cookielaw.org/scripttemplates/202303.1.0/otBannerSdk.js:6
[    2890ms] [LOG] Error in fetch URL : https://cdn.cookielaw.org/consent/3ef3e666-0784-4e18-8d5a-0d4b37595255-test/6a1b4eeb-f03b-41d6-b3ed-6c6328f305e0/bLayout-pt-br.json Exception :TypeError: Failed to fetch @ https://cdn.cookielaw.org/scripttemplates/202303.1.0/otBannerSdk.js:6
[    2949ms] [LOG] JQMIGRATE: Migrate is installed with logging active, version 3.3.1 @ https://tbcdn.talentbrew.com/bundles/jquery-client.js:18
[    3039ms] [WARNING] JQMIGRATE: jQuery.type is deprecated @ https://tbcdn.talentbrew.com/bundles/jquery-client.js:18
[    3116ms] [LOG] %c TabList v1.9 in use.  background: #6e00ee; color: #fff @ https://tbcdn.talentbrew.com/company/34155/js/67173-GST.min.js:0
[    3117ms] [LOG] %c Horizontal Free-Scroller v1.4 in use.  background: #6e00ee; color: #fff @ https://tbcdn.talentbrew.com/company/34155/js/67173-GST.min.js:7
[    3169ms] [WARNING] JQMIGRATE: jQuery.fn.click() event shorthand is deprecated @ https://tbcdn.talentbrew.com/bundles/jquery-client.js:18
[    3218ms] [LOG] %cMagicBullet%cv2.2 background: #2d2d2d; color: #fff; padding: 6px 10px; border-radius: 16px 0 0 16px; font-weight: 600; background: #6e00ee; color: #fff; padding: 6px 10px; border-radius: 0 16px 16px 0; font-weight: 600; @ https://services.tmpwebeng.com/magicbullet/init.js:26
[    3618ms] [LOG] %cMagicBullet: A11y%cv2.0 background: #2d2d2d; color: #fff; padding: 6px 10px; border-radius: 16px 0 0 16px; font-weight: 600; background: #6e00ee; color: #fff; padding: 6px 10px; border-radius: 0 16px 16px 0; font-weight: 600; @ https://services.tmpwebeng.com/magicbullet/a11y/init.js:43
[    3620ms] [LOG] %cMagicBullet: A11y%cStatic Scripts ✔ background: #2d2d2d; color: #fff; padding: 6px 10px; border-radius: 16px 0 0 16px; font-weight: 600; background: #228B22; color: #fff; padding: 6px 10px; border-radius: 0 16px 16px 0; font-weight: 600; @ https://services.tmpwebeng.com/magicbullet/a11y/init.js:165
[    3625ms] [LOG] %cMagicBullet: A11y%cDynamic Scripts ✔ background: #2d2d2d; color: #fff; padding: 6px 10px; border-radius: 16px 0 0 16px; font-weight: 600; background: #228B22; color: #fff; padding: 6px 10px; border-radius: 0 16px 16px 0; font-weight: 600; @ https://services.tmpwebeng.com/magicbullet/a11y/init.js:143
[    4471ms] [ERROR] Invalid 'X-Frame-Options' header encountered when loading 'https://sidebar.bugherd.com/': '' is not a recognized directive. The header will be ignored. @ https://sidebar.bugherd.com/sidebar/embed_html?apikey=hpvmlqjkjdgkiqugjhj4lq:0
[    4641ms] [ERROR] Failed to load resource: the server responded with a status of 404 () @ https://tbcdn.talentbrew.com/company/34155/gst_v1/lib/accessible-slick/ajax-loader.gif:0
[    4645ms] [LOG] %cMagicBullet: A11y%cDynamic Scripts ✔ background: #2d2d2d; color: #fff; padding: 6px 10px; border-radius: 16px 0 0 16px; font-weight: 600; background: #228B22; color: #fff; padding: 6px 10px; border-radius: 0 16px 16px 0; font-weight: 600; @ https://services.tmpwebeng.com/magicbullet/a11y/init.js:143
[    4809ms] [ERROR] Failed to load resource: the server responded with a status of 404 () @ https://tbcdn.talentbrew.com/company/34155/gst_v1/lib/accessible-slick/fonts/slick.woff:0
[    5241ms] [ERROR] Failed to load resource: the server responded with a status of 404 () @ https://tbcdn.talentbrew.com/company/34155/gst_v1/lib/accessible-slick/fonts/slick.ttf:0
