[      -2ms] [ERROR] Unrecognized Content-Security-Policy directive 'prefetch-src'. @ https://pulsus.gupy.io/job/eyJqb2JJZCI6MTEwMTU4MTUsInNvdXJjZSI6ImxpbmtlZGluIn0=?jobBoardSource=linkedin:0
[    1283ms] [ERROR] Loading the script 'https://try.abtasty.com/82670607f96b5c94cd6b17c92208ea3a.js' violates the following Content Security Policy directive: "script-src 'self' 'unsafe-inline' 'unsafe-eval' blob: *.gupy.io *.google.com *.google-analytics.com *.hotjar.com *.getbeamer.com *.googleapis.com *.gstatic.com *.pn.vg cdnjs.cloudflare.com cdn.jsdelivr.net *.segment.com *.mxpnl.com *.heapanalytics.com *.cloudfront.net cdn.privacytools.com.br *.googletagmanager.com *.unpkg.com unpkg.com *.zdassets.com *.salesforce.com *.my.salesforce-scrt.com *.salesforceliveagent.com service.force.com *.my.site.com *.googleoptimize.com *.facebook.net *.handtalk.me *.linkedin.com *.twitter.com *.jquery.com *.cloudflare.com *.userguiding.com *.clarity.ms c.bing.com *.survicate.com *.survicate-cdn.com". Note that 'script-src-elem' was not explicitly set, so 'script-src' is used as a fallback. The action has been blocked. @ https://pulsus.gupy.io/_next/static/chunks/main-601a04aba62364ef.js:0
[    1302ms] [ERROR] Unrecognized Content-Security-Policy directive 'prefetch-src'. @ https://pulsus.gupy.io/_next/static/chunks/pages/_app-37ebb5f3e50f286a.js:0
[    1303ms] [ERROR] Unrecognized Content-Security-Policy directive 'prefetch-src'. @ https://pulsus.gupy.io/_next/static/chunks/pages/_app-37ebb5f3e50f286a.js:0
[    1513ms] [ERROR] Unrecognized Content-Security-Policy directive 'prefetch-src'. @ https://script.hotjar.com/modules.6a0f3932cb1341a35c18.js:3
[    1514ms] [ERROR] Unrecognized Content-Security-Policy directive 'prefetch-src'. @ https://script.hotjar.com/modules.6a0f3932cb1341a35c18.js:3
[    1727ms] [ERROR] Attestation check for Attribution Reporting on https://www.facebook.com failed. @ https://pulsus.gupy.io/job/eyJqb2JJZCI6MTEwMTU4MTUsInNvdXJjZSI6ImxpbmtlZGluIn0=?jobBoardSource=linkedin:0
[    1792ms] [ERROR] Failed to load resource: the server responded with a status of 401 () @ https://private-api.gupy.io/authentication/candidate/account/current?q=0.490864605023251:0
[    1794ms] [ERROR] Z @ https://pulsus.gupy.io/_next/static/chunks/pages/_app-37ebb5f3e50f286a.js:0
[    2532ms] [ERROR] Failed to load resource: the server responded with a status of 404 () @ https://pulsus.gupy.io/statics/assets/favicon/favicon-32x32.png:0
[    2685ms] [ERROR] Failed to load resource: the server responded with a status of 404 () @ https://pulsus.gupy.io/statics/assets/favicon/favicon-16x16.png:0
[   13731ms] [WARNING] Error with Permissions-Policy header: Unrecognized feature: 'ambient-light-sensor'. @ :0
[   13731ms] [WARNING] Error with Permissions-Policy header: Unrecognized feature: 'battery'. @ :0
[   13731ms] [WARNING] Error with Permissions-Policy header: Unrecognized feature: 'document-domain'. @ :0
[   13731ms] [WARNING] Error with Permissions-Policy header: Unrecognized feature: 'execution-while-not-rendered'. @ :0
[   13731ms] [WARNING] Error with Permissions-Policy header: Unrecognized feature: 'execution-while-out-of-viewport'. @ :0
[   13731ms] [WARNING] Error with Permissions-Policy header: Unrecognized feature: 'navigation-override'. @ :0
[   13731ms] [WARNING] Error with Permissions-Policy header: Unrecognized feature: 'speaker-selection'. @ :0
[   13731ms] [WARNING] Error with Permissions-Policy header: Unrecognized feature: 'conversion-measurement'. @ :0
[   13731ms] [WARNING] Error with Permissions-Policy header: Unrecognized feature: 'focus-without-user-activation'. @ :0
[   13731ms] [WARNING] Error with Permissions-Policy header: Unrecognized feature: 'sync-script'. @ :0
[   13731ms] [WARNING] Error with Permissions-Policy header: Unrecognized feature: 'trust-token-redemption'. @ :0
[   13731ms] [WARNING] Error with Permissions-Policy header: Unrecognized feature: 'vertical-scroll'. @ :0
[   13731ms] [ERROR] Unrecognized Content-Security-Policy directive 'prefetch-src'. @ https://pulsus.gupy.io/candidates/jobs/11015815/apply?jobBoardSource=linkedin:0
[   14172ms] [ERROR] Access to manifest at 'https://gupy.gupy.io/candidates/manifest.json' from origin 'https://pulsus.gupy.io' has been blocked by CORS policy: No 'Access-Control-Allow-Origin' header is present on the requested resource. @ https://pulsus.gupy.io/candidates/jobs/11015815/apply?jobBoardSource=linkedin:0
[   14173ms] [ERROR] Failed to load resource: net::ERR_FAILED @ https://gupy.gupy.io/candidates/manifest.json:0
[   15607ms] [ERROR] Unrecognized Content-Security-Policy directive 'prefetch-src'. @ https://script.hotjar.com/modules.6a0f3932cb1341a35c18.js:3
[   15608ms] [ERROR] Unrecognized Content-Security-Policy directive 'prefetch-src'. @ https://script.hotjar.com/modules.6a0f3932cb1341a35c18.js:3
[   15703ms] [ERROR] Access to manifest at 'https://gupy.gupy.io/candidates/manifest.json' from origin 'https://pulsus.gupy.io' has been blocked by CORS policy: No 'Access-Control-Allow-Origin' header is present on the requested resource. @ https://pulsus.gupy.io/candidates/jobs/11015815/apply?jobBoardSource=linkedin:0
[   15703ms] [ERROR] Failed to load resource: net::ERR_FAILED @ https://gupy.gupy.io/candidates/manifest.json:0
[   24260ms] [WARNING] <link rel=preload> must have a valid `as` value @ https://www.linkedin.com/uas/login?session_redirect=%2Foauth%2Fv2%2Flogin-success%3Fapp_id%3D4226463%26auth_type%3DAC%26flow%3D%257B%2522state%2522%253A%25223da8c7c1-b906-499a-8bcf-86f0a526e219%2522%252C%2522creationTime%2522%253A1776778811273%252C%2522scope%2522%253A%2522r_liteprofile%2Br_emailaddress%2522%252C%2522appId%2522%253A4226463%252C%2522authorizationType%2522%253A%2522OAUTH2_AUTHORIZATION_CODE%2522%252C%2522redirectUri%2522%253A%2522https%253A%252F%252Fsecure-v2.gupy.io%252Fcandidates%252Flinkedin%252Fcallback%2522%252C%2522currentStage%2522%253A%2522LOGIN_SUCCESS%2522%252C%2522currentSubStage%2522%253A0%252C%2522authFlowName%2522%253A%2522generic-permission-list%2522%257D&fromSignIn=1&trk=oauth&cancel_redirect=%2Foauth%2Fv2%2Flogin-cancel%3Fapp_id%3D4226463%26auth_type%3DAC%26flow%3D%257B%2522state%2522%253A%25223da8c7c1-b906-499a-8bcf-86f0a526e219%2522%252C%2522creationTime%2522%253A1776778811273%252C%2522scope%2522%253A%2522r_liteprofile%2Br_emailaddress%2522%252C%2522appId%2522%253A4226463%252C%2522authorizationType%2522%253A%2522OAUTH2_AUTHORIZATION_CODE%2522%252C%2522redirectUri%2522%253A%2522https%253A%252F%252Fsecure-v2.gupy.io%252Fcandidates%252Flinkedin%252Fcallback%2522%252C%2522currentStage%2522%253A%2522LOGIN_SUCCESS%2522%252C%2522currentSubStage%2522%253A0%252C%2522authFlowName%2522%253A%2522generic-permission-list%2522%257D:59
[   24260ms] [WARNING] <link rel=preload> must have a valid `as` value @ https://www.linkedin.com/uas/login?session_redirect=%2Foauth%2Fv2%2Flogin-success%3Fapp_id%3D4226463%26auth_type%3DAC%26flow%3D%257B%2522state%2522%253A%25223da8c7c1-b906-499a-8bcf-86f0a526e219%2522%252C%2522creationTime%2522%253A1776778811273%252C%2522scope%2522%253A%2522r_liteprofile%2Br_emailaddress%2522%252C%2522appId%2522%253A4226463%252C%2522authorizationType%2522%253A%2522OAUTH2_AUTHORIZATION_CODE%2522%252C%2522redirectUri%2522%253A%2522https%253A%252F%252Fsecure-v2.gupy.io%252Fcandidates%252Flinkedin%252Fcallback%2522%252C%2522currentStage%2522%253A%2522LOGIN_SUCCESS%2522%252C%2522currentSubStage%2522%253A0%252C%2522authFlowName%2522%253A%2522generic-permission-list%2522%257D&fromSignIn=1&trk=oauth&cancel_redirect=%2Foauth%2Fv2%2Flogin-cancel%3Fapp_id%3D4226463%26auth_type%3DAC%26flow%3D%257B%2522state%2522%253A%25223da8c7c1-b906-499a-8bcf-86f0a526e219%2522%252C%2522creationTime%2522%253A1776778811273%252C%2522scope%2522%253A%2522r_liteprofile%2Br_emailaddress%2522%252C%2522appId%2522%253A4226463%252C%2522authorizationType%2522%253A%2522OAUTH2_AUTHORIZATION_CODE%2522%252C%2522redirectUri%2522%253A%2522https%253A%252F%252Fsecure-v2.gupy.io%252Fcandidates%252Flinkedin%252Fcallback%2522%252C%2522currentStage%2522%253A%2522LOGIN_SUCCESS%2522%252C%2522currentSubStage%2522%253A0%252C%2522authFlowName%2522%253A%2522generic-permission-list%2522%257D:60
[   24260ms] [WARNING] <link rel=preload> must have a valid `as` value @ https://www.linkedin.com/uas/login?session_redirect=%2Foauth%2Fv2%2Flogin-success%3Fapp_id%3D4226463%26auth_type%3DAC%26flow%3D%257B%2522state%2522%253A%25223da8c7c1-b906-499a-8bcf-86f0a526e219%2522%252C%2522creationTime%2522%253A1776778811273%252C%2522scope%2522%253A%2522r_liteprofile%2Br_emailaddress%2522%252C%2522appId%2522%253A4226463%252C%2522authorizationType%2522%253A%2522OAUTH2_AUTHORIZATION_CODE%2522%252C%2522redirectUri%2522%253A%2522https%253A%252F%252Fsecure-v2.gupy.io%252Fcandidates%252Flinkedin%252Fcallback%2522%252C%2522currentStage%2522%253A%2522LOGIN_SUCCESS%2522%252C%2522currentSubStage%2522%253A0%252C%2522authFlowName%2522%253A%2522generic-permission-list%2522%257D&fromSignIn=1&trk=oauth&cancel_redirect=%2Foauth%2Fv2%2Flogin-cancel%3Fapp_id%3D4226463%26auth_type%3DAC%26flow%3D%257B%2522state%2522%253A%25223da8c7c1-b906-499a-8bcf-86f0a526e219%2522%252C%2522creationTime%2522%253A1776778811273%252C%2522scope%2522%253A%2522r_liteprofile%2Br_emailaddress%2522%252C%2522appId%2522%253A4226463%252C%2522authorizationType%2522%253A%2522OAUTH2_AUTHORIZATION_CODE%2522%252C%2522redirectUri%2522%253A%2522https%253A%252F%252Fsecure-v2.gupy.io%252Fcandidates%252Flinkedin%252Fcallback%2522%252C%2522currentStage%2522%253A%2522LOGIN_SUCCESS%2522%252C%2522currentSubStage%2522%253A0%252C%2522authFlowName%2522%253A%2522generic-permission-list%2522%257D:61
[   24260ms] [WARNING] <link rel=preload> must have a valid `as` value @ https://www.linkedin.com/uas/login?session_redirect=%2Foauth%2Fv2%2Flogin-success%3Fapp_id%3D4226463%26auth_type%3DAC%26flow%3D%257B%2522state%2522%253A%25223da8c7c1-b906-499a-8bcf-86f0a526e219%2522%252C%2522creationTime%2522%253A1776778811273%252C%2522scope%2522%253A%2522r_liteprofile%2Br_emailaddress%2522%252C%2522appId%2522%253A4226463%252C%2522authorizationType%2522%253A%2522OAUTH2_AUTHORIZATION_CODE%2522%252C%2522redirectUri%2522%253A%2522https%253A%252F%252Fsecure-v2.gupy.io%252Fcandidates%252Flinkedin%252Fcallback%2522%252C%2522currentStage%2522%253A%2522LOGIN_SUCCESS%2522%252C%2522currentSubStage%2522%253A0%252C%2522authFlowName%2522%253A%2522generic-permission-list%2522%257D&fromSignIn=1&trk=oauth&cancel_redirect=%2Foauth%2Fv2%2Flogin-cancel%3Fapp_id%3D4226463%26auth_type%3DAC%26flow%3D%257B%2522state%2522%253A%25223da8c7c1-b906-499a-8bcf-86f0a526e219%2522%252C%2522creationTime%2522%253A1776778811273%252C%2522scope%2522%253A%2522r_liteprofile%2Br_emailaddress%2522%252C%2522appId%2522%253A4226463%252C%2522authorizationType%2522%253A%2522OAUTH2_AUTHORIZATION_CODE%2522%252C%2522redirectUri%2522%253A%2522https%253A%252F%252Fsecure-v2.gupy.io%252Fcandidates%252Flinkedin%252Fcallback%2522%252C%2522currentStage%2522%253A%2522LOGIN_SUCCESS%2522%252C%2522currentSubStage%2522%253A0%252C%2522authFlowName%2522%253A%2522generic-permission-list%2522%257D:62
[   24260ms] [WARNING] <link rel=preload> must have a valid `as` value @ https://www.linkedin.com/uas/login?session_redirect=%2Foauth%2Fv2%2Flogin-success%3Fapp_id%3D4226463%26auth_type%3DAC%26flow%3D%257B%2522state%2522%253A%25223da8c7c1-b906-499a-8bcf-86f0a526e219%2522%252C%2522creationTime%2522%253A1776778811273%252C%2522scope%2522%253A%2522r_liteprofile%2Br_emailaddress%2522%252C%2522appId%2522%253A4226463%252C%2522authorizationType%2522%253A%2522OAUTH2_AUTHORIZATION_CODE%2522%252C%2522redirectUri%2522%253A%2522https%253A%252F%252Fsecure-v2.gupy.io%252Fcandidates%252Flinkedin%252Fcallback%2522%252C%2522currentStage%2522%253A%2522LOGIN_SUCCESS%2522%252C%2522currentSubStage%2522%253A0%252C%2522authFlowName%2522%253A%2522generic-permission-list%2522%257D&fromSignIn=1&trk=oauth&cancel_redirect=%2Foauth%2Fv2%2Flogin-cancel%3Fapp_id%3D4226463%26auth_type%3DAC%26flow%3D%257B%2522state%2522%253A%25223da8c7c1-b906-499a-8bcf-86f0a526e219%2522%252C%2522creationTime%2522%253A1776778811273%252C%2522scope%2522%253A%2522r_liteprofile%2Br_emailaddress%2522%252C%2522appId%2522%253A4226463%252C%2522authorizationType%2522%253A%2522OAUTH2_AUTHORIZATION_CODE%2522%252C%2522redirectUri%2522%253A%2522https%253A%252F%252Fsecure-v2.gupy.io%252Fcandidates%252Flinkedin%252Fcallback%2522%252C%2522currentStage%2522%253A%2522LOGIN_SUCCESS%2522%252C%2522currentSubStage%2522%253A0%252C%2522authFlowName%2522%253A%2522generic-permission-list%2522%257D:65
[   24260ms] [WARNING] <link rel=preload> must have a valid `as` value @ https://www.linkedin.com/uas/login?session_redirect=%2Foauth%2Fv2%2Flogin-success%3Fapp_id%3D4226463%26auth_type%3DAC%26flow%3D%257B%2522state%2522%253A%25223da8c7c1-b906-499a-8bcf-86f0a526e219%2522%252C%2522creationTime%2522%253A1776778811273%252C%2522scope%2522%253A%2522r_liteprofile%2Br_emailaddress%2522%252C%2522appId%2522%253A4226463%252C%2522authorizationType%2522%253A%2522OAUTH2_AUTHORIZATION_CODE%2522%252C%2522redirectUri%2522%253A%2522https%253A%252F%252Fsecure-v2.gupy.io%252Fcandidates%252Flinkedin%252Fcallback%2522%252C%2522currentStage%2522%253A%2522LOGIN_SUCCESS%2522%252C%2522currentSubStage%2522%253A0%252C%2522authFlowName%2522%253A%2522generic-permission-list%2522%257D&fromSignIn=1&trk=oauth&cancel_redirect=%2Foauth%2Fv2%2Flogin-cancel%3Fapp_id%3D4226463%26auth_type%3DAC%26flow%3D%257B%2522state%2522%253A%25223da8c7c1-b906-499a-8bcf-86f0a526e219%2522%252C%2522creationTime%2522%253A1776778811273%252C%2522scope%2522%253A%2522r_liteprofile%2Br_emailaddress%2522%252C%2522appId%2522%253A4226463%252C%2522authorizationType%2522%253A%2522OAUTH2_AUTHORIZATION_CODE%2522%252C%2522redirectUri%2522%253A%2522https%253A%252F%252Fsecure-v2.gupy.io%252Fcandidates%252Flinkedin%252Fcallback%2522%252C%2522currentStage%2522%253A%2522LOGIN_SUCCESS%2522%252C%2522currentSubStage%2522%253A0%252C%2522authFlowName%2522%253A%2522generic-permission-list%2522%257D:66
[   24758ms] [LOG] %c EvalError
    at og (https://client.protechts.net/PXdOjV695v/main.min.js:2:62927)
    at qi (https://client.protechts.net/PXdOjV695v/main.min.js:2:71642)
    at Jp (https://client.protechts.net/PXdOjV695v/main.min.js:2:223356)
    at Jn (https://client.protechts.net/PXdOjV695v/main.min.js:2:222982)
    at https://client.protechts.net/PXdOjV695v/main.min.js:2:224692
    at https://client.protechts.net/PXdOjV695v/main.min.js:2:224698
    at https://client.protechts.net/PXdOjV695v/main.min.js:2:225163 @ https://client.protechts.net/PXdOjV695v/main.min.js:1
[   25801ms] [LOG] visitor.publishDestinations() result: Attempted to attach and load the destination publishing iframe through this API call. Result: The destination publishing iframe was attached and loaded successfully. @ https://platform.linkedin.com/litms/utag/checkpoint-frontend/utag.js?cb=1776778800000:7
[   38219ms] [LOG] visitor.publishDestinations() result: The destination publishing iframe is already attached and loaded. @ https://platform.linkedin.com/litms/utag/checkpoint-frontend/utag.js?cb=1776778800000:7
[   46466ms] [WARNING] Error with Permissions-Policy header: Unrecognized feature: 'ambient-light-sensor'. @ :0
[   46466ms] [WARNING] Error with Permissions-Policy header: Unrecognized feature: 'battery'. @ :0
[   46466ms] [WARNING] Error with Permissions-Policy header: Unrecognized feature: 'document-domain'. @ :0
[   46466ms] [WARNING] Error with Permissions-Policy header: Unrecognized feature: 'execution-while-not-rendered'. @ :0
[   46466ms] [WARNING] Error with Permissions-Policy header: Unrecognized feature: 'execution-while-out-of-viewport'. @ :0
[   46466ms] [WARNING] Error with Permissions-Policy header: Unrecognized feature: 'navigation-override'. @ :0
[   46466ms] [WARNING] Error with Permissions-Policy header: Unrecognized feature: 'speaker-selection'. @ :0
[   46466ms] [WARNING] Error with Permissions-Policy header: Unrecognized feature: 'conversion-measurement'. @ :0
[   46466ms] [WARNING] Error with Permissions-Policy header: Unrecognized feature: 'focus-without-user-activation'. @ :0
[   46466ms] [WARNING] Error with Permissions-Policy header: Unrecognized feature: 'sync-script'. @ :0
[   46466ms] [WARNING] Error with Permissions-Policy header: Unrecognized feature: 'trust-token-redemption'. @ :0
[   46466ms] [WARNING] Error with Permissions-Policy header: Unrecognized feature: 'vertical-scroll'. @ :0
[   46466ms] [ERROR] Unrecognized Content-Security-Policy directive 'prefetch-src'. @ https://pulsus.gupy.io/candidates/auth/linkedin:0
[   46693ms] [ERROR] Access to manifest at 'https://gupy.gupy.io/candidates/manifest.json' from origin 'https://pulsus.gupy.io' has been blocked by CORS policy: No 'Access-Control-Allow-Origin' header is present on the requested resource. @ https://pulsus.gupy.io/candidates/auth/linkedin:0
[   46693ms] [ERROR] Failed to load resource: net::ERR_FAILED @ https://gupy.gupy.io/candidates/manifest.json:0
[   48085ms] [ERROR] Unrecognized Content-Security-Policy directive 'prefetch-src'. @ https://script.hotjar.com/modules.6a0f3932cb1341a35c18.js:3
[   48085ms] [ERROR] Unrecognized Content-Security-Policy directive 'prefetch-src'. @ https://script.hotjar.com/modules.6a0f3932cb1341a35c18.js:3
[   48178ms] [ERROR] Access to manifest at 'https://gupy.gupy.io/candidates/manifest.json' from origin 'https://pulsus.gupy.io' has been blocked by CORS policy: No 'Access-Control-Allow-Origin' header is present on the requested resource. @ https://pulsus.gupy.io/candidates/auth/linkedin:0
[   48179ms] [ERROR] Failed to load resource: net::ERR_FAILED @ https://gupy.gupy.io/candidates/manifest.json:0
[   50800ms] [WARNING] [react-ga] ReactGA.initialize must be called first or GoogleAnalytics should be loaded manually @ https://gupy.gupy.io/candidates/static/js/2.bda1bdee.chunk.js:4614
[   50959ms] [LOG] Initializing Beamer. [Update and engage users effortlessly - https://getbeamer.com] @ https://app.getbeamer.com/js/beamer-embed.js:14
[   51175ms] [ERROR] Unrecognized Content-Security-Policy directive 'prefetch-src'. @ https://app.getbeamer.com/js/beamer-embed.js:60
[   51176ms] [ERROR] Unrecognized Content-Security-Policy directive 'prefetch-src'. @ https://app.getbeamer.com/js/beamer-embed.js:60
[   54689ms] [ERROR] Failed to load resource: the server responded with a status of 404 () @ https://private-api.gupy.io/question-forms/candidates/applications/706877269/steps/3922391072/forms:0
[   89991ms] [WARNING] Error with Permissions-Policy header: Unrecognized feature: 'ambient-light-sensor'. @ :0
[   89991ms] [WARNING] Error with Permissions-Policy header: Unrecognized feature: 'battery'. @ :0
[   89991ms] [WARNING] Error with Permissions-Policy header: Unrecognized feature: 'document-domain'. @ :0
[   89991ms] [WARNING] Error with Permissions-Policy header: Unrecognized feature: 'execution-while-not-rendered'. @ :0
[   89991ms] [WARNING] Error with Permissions-Policy header: Unrecognized feature: 'execution-while-out-of-viewport'. @ :0
[   89991ms] [WARNING] Error with Permissions-Policy header: Unrecognized feature: 'navigation-override'. @ :0
[   89991ms] [WARNING] Error with Permissions-Policy header: Unrecognized feature: 'speaker-selection'. @ :0
[   89991ms] [WARNING] Error with Permissions-Policy header: Unrecognized feature: 'conversion-measurement'. @ :0
[   89991ms] [WARNING] Error with Permissions-Policy header: Unrecognized feature: 'focus-without-user-activation'. @ :0
[   89991ms] [WARNING] Error with Permissions-Policy header: Unrecognized feature: 'sync-script'. @ :0
[   89991ms] [WARNING] Error with Permissions-Policy header: Unrecognized feature: 'trust-token-redemption'. @ :0
[   89991ms] [WARNING] Error with Permissions-Policy header: Unrecognized feature: 'vertical-scroll'. @ :0
[   89992ms] [ERROR] Unrecognized Content-Security-Policy directive 'prefetch-src'. @ https://pulsus.gupy.io/candidates/applications/706877269/steps/3922391072/curriculum:0
[   90412ms] [ERROR] Access to manifest at 'https://gupy.gupy.io/candidates/manifest.json' from origin 'https://pulsus.gupy.io' has been blocked by CORS policy: No 'Access-Control-Allow-Origin' header is present on the requested resource. @ https://pulsus.gupy.io/candidates/applications/706877269/steps/3922391072/curriculum:0
[   90412ms] [ERROR] Failed to load resource: net::ERR_FAILED @ https://gupy.gupy.io/candidates/manifest.json:0
[   90516ms] [ERROR] Unrecognized Content-Security-Policy directive 'prefetch-src'. @ https://script.hotjar.com/modules.6a0f3932cb1341a35c18.js:3
[   90517ms] [ERROR] Unrecognized Content-Security-Policy directive 'prefetch-src'. @ https://script.hotjar.com/modules.6a0f3932cb1341a35c18.js:3
[   90620ms] [ERROR] Access to manifest at 'https://gupy.gupy.io/candidates/manifest.json' from origin 'https://pulsus.gupy.io' has been blocked by CORS policy: No 'Access-Control-Allow-Origin' header is present on the requested resource. @ https://pulsus.gupy.io/candidates/auth:0
[   90620ms] [ERROR] Failed to load resource: net::ERR_FAILED @ https://gupy.gupy.io/candidates/manifest.json:0
[   92054ms] [WARNING] [react-ga] ReactGA.initialize must be called first or GoogleAnalytics should be loaded manually @ https://gupy.gupy.io/candidates/static/js/2.bda1bdee.chunk.js:4614
[   92086ms] [LOG] Initializing Beamer. [Update and engage users effortlessly - https://getbeamer.com] @ https://app.getbeamer.com/js/beamer-embed.js:14
[   92296ms] [ERROR] Unrecognized Content-Security-Policy directive 'prefetch-src'. @ https://app.getbeamer.com/js/beamer-embed.js:60
[   92297ms] [ERROR] Unrecognized Content-Security-Policy directive 'prefetch-src'. @ https://app.getbeamer.com/js/beamer-embed.js:60
[   92354ms] [INFO] Connecting to 'https://push.getbeamer.com/userPushDetails?product=nJNsJSdR35967&user_id=62310886-35ad-4157-8c9a-e4f6129707c7&language=PT&l=1.776778838155E12' violates the following Content Security Policy directive: "connect-src 'none'". The policy is report-only, so the violation has been logged but no further action has been taken. @ https://push.getbeamer.com/embeddedPush?product=nJNsJSdR35967&language=PT:414
[   92680ms] [ERROR] Failed to load resource: the server responded with a status of 404 () @ https://private-api.gupy.io/question-forms/candidates/applications/706877269/steps/3922391072/forms:0
