[    3815ms] [WARNING] jQuery.Deferred exception: af_gh_constants is not defined ReferenceError: af_gh_constants is not defined
    at HTMLDocument.<anonymous> (https://careers.appsflyer.com/wp-content/themes/af_hr_theme/assets/js/app.js?ver=13000:4:16)
    at e (https://careers.appsflyer.com/wp-content/themes/af_hr_theme/assets/js/vendors/jquery.min.js:2:30005)
    at t (https://careers.appsflyer.com/wp-content/themes/af_hr_theme/assets/js/vendors/jquery.min.js:2:30307) undefined @ https://careers.appsflyer.com/wp-content/themes/af_hr_theme/assets/js/vendors/jquery.min.js:1
[    3815ms] [WARNING] jQuery.Deferred exception: af_gh_constants is not defined ReferenceError: af_gh_constants is not defined
    at HTMLDocument.<anonymous> (https://careers.appsflyer.com/wp-content/themes/af_hr_theme/assets/js/app.js?ver=13000:22:19)
    at e (https://careers.appsflyer.com/wp-content/themes/af_hr_theme/assets/js/vendors/jquery.min.js:2:30005)
    at t (https://careers.appsflyer.com/wp-content/themes/af_hr_theme/assets/js/vendors/jquery.min.js:2:30307) undefined @ https://careers.appsflyer.com/wp-content/themes/af_hr_theme/assets/js/vendors/jquery.min.js:1
[    3815ms] [WARNING] jQuery.Deferred exception: af_gh_constants is not defined ReferenceError: af_gh_constants is not defined
    at loadPositions (https://careers.appsflyer.com/wp-content/themes/af_hr_theme/assets/js/app.js?ver=13000:55:19)
    at HTMLDocument.<anonymous> (https://careers.appsflyer.com/wp-content/themes/af_hr_theme/assets/js/app.js?ver=13000:141:9)
    at e (https://careers.appsflyer.com/wp-content/themes/af_hr_theme/assets/js/vendors/jquery.min.js:2:30005)
    at t (https://careers.appsflyer.com/wp-content/themes/af_hr_theme/assets/js/vendors/jquery.min.js:2:30307) undefined @ https://careers.appsflyer.com/wp-content/themes/af_hr_theme/assets/js/vendors/jquery.min.js:1
[    3835ms] ReferenceError: af_gh_constants is not defined
    at HTMLDocument.<anonymous> (https://careers.appsflyer.com/wp-content/themes/af_hr_theme/assets/js/app.js?ver=13000:4:16)
    at e (https://careers.appsflyer.com/wp-content/themes/af_hr_theme/assets/js/vendors/jquery.min.js:2:30005)
    at t (https://careers.appsflyer.com/wp-content/themes/af_hr_theme/assets/js/vendors/jquery.min.js:2:30307)
[    3835ms] ReferenceError: af_gh_constants is not defined
    at HTMLDocument.<anonymous> (https://careers.appsflyer.com/wp-content/themes/af_hr_theme/assets/js/app.js?ver=13000:22:19)
    at e (https://careers.appsflyer.com/wp-content/themes/af_hr_theme/assets/js/vendors/jquery.min.js:2:30005)
    at t (https://careers.appsflyer.com/wp-content/themes/af_hr_theme/assets/js/vendors/jquery.min.js:2:30307)
[    3835ms] ReferenceError: af_gh_constants is not defined
    at loadPositions (https://careers.appsflyer.com/wp-content/themes/af_hr_theme/assets/js/app.js?ver=13000:55:19)
    at HTMLDocument.<anonymous> (https://careers.appsflyer.com/wp-content/themes/af_hr_theme/assets/js/app.js?ver=13000:141:9)
    at e (https://careers.appsflyer.com/wp-content/themes/af_hr_theme/assets/js/vendors/jquery.min.js:2:30005)
    at t (https://careers.appsflyer.com/wp-content/themes/af_hr_theme/assets/js/vendors/jquery.min.js:2:30307)
[    4179ms] [ERROR] Failed to load resource: the server responded with a status of 400 () @ https://ad.doubleclick.net/ccm/s/collect?auid=1198265334.1780076317&gtm=45He65r2v845489802za200zd845489802xea:0
[    5485ms] Uncaught (in promise) Error: [IN:Parser] Could not instantiate tag for 'awliwidget': Apply with LinkedIn widget requires mode to be either BUTTON_DATA or CONVERSION
    at o (https://platform.linkedin.com/in.js:6:46520)
    at value (https://platform.linkedin.com/in.js:6:41120)
    at <anonymous> (https://platform.linkedin.com/in.js:17:106535)
[    7525ms] [LOG] Marketo listener already initialized @ :0
[56305855ms] [ERROR] Failed to load resource: net::ERR_NAME_NOT_RESOLVED @ https://data.hockeystack.com/send:0
[171933251ms] [ERROR] Failed to load resource: net::ERR_TIMED_OUT @ https://data.hockeystack.com/send:0
