[    4907ms] [WARNING] Unsatisfied version 18.3.1 from react18_ifl7-shared of shared singleton module react/jsx-runtime (required ^catalog:) @ https://c03.s3.indeed.com/hpfe/statics/scripts/homepageRemoteEntry.8749303fbdb64588.js:0
[    4910ms] [WARNING] Unsatisfied version 18.3.1 from react18_ifl7-shared of shared singleton module react (required ^16.2.0 || ^17.0.0) @ https://c03.s3.indeed.com/hpfe/statics/scripts/homepageRemoteEntry.8749303fbdb64588.js:0
[    4911ms] [WARNING] Unsatisfied version 3.2.0-experimental.1 from @repo/homepage-ui of shared singleton module @indeed/mosaic-host-components/dist/server/mosaic/providerSharedState (required *) @ https://c03.s3.indeed.com/hpfe/statics/scripts/homepageRemoteEntry.8749303fbdb64588.js:0
[    4911ms] [WARNING] Unsatisfied version 3.14.0 from react18_ifl7-shared of shared singleton module @apollo/client (required ^catalog:) @ https://c03.s3.indeed.com/hpfe/statics/scripts/homepageRemoteEntry.8749303fbdb64588.js:0
[    4920ms] [WARNING] Unsatisfied version 7.7.0 from react18_ifl7-shared of shared singleton module @indeed/ifl-themes (required ^catalog:) @ https://c03.s3.indeed.com/hpfe/statics/scripts/homepageRemoteEntry.8749303fbdb64588.js:0
[    4920ms] [WARNING] Unsatisfied version 3.2.0-experimental.1 from @repo/homepage-ui of shared singleton module @indeed/mosaic-host-components/dist/MosaicApi (required *) @ https://c03.s3.indeed.com/hpfe/statics/scripts/homepageRemoteEntry.8749303fbdb64588.js:0
[    4921ms] [WARNING] Unsatisfied version 3.2.0-experimental.1 from @repo/homepage-ui of shared singleton module @indeed/mosaic-host-components (required *) @ https://c03.s3.indeed.com/hpfe/statics/scripts/homepageRemoteEntry.8749303fbdb64588.js:0
[    4922ms] [WARNING] Unsatisfied version 7.7.0 from react18_ifl7-shared of shared singleton module @indeed/ifl-components (required ^catalog:) @ https://c03.s3.indeed.com/hpfe/statics/scripts/homepageRemoteEntry.8749303fbdb64588.js:0
[    4922ms] [WARNING] Unsatisfied version 3.2.0-experimental.1 from @repo/homepage-ui of shared singleton module @indeed/mosaic-host-components (required *) @ https://c03.s3.indeed.com/hpfe/statics/scripts/homepageRemoteEntry.8749303fbdb64588.js:0
[    4922ms] [WARNING] Unsatisfied version 18.3.1 from react18_ifl7-shared of shared singleton module react-dom/client (required ^catalog:) @ https://c03.s3.indeed.com/hpfe/statics/scripts/homepageRemoteEntry.8749303fbdb64588.js:0
[    4923ms] [WARNING] Unsatisfied version 7.7.0 from react18_ifl7-shared of shared singleton module @indeed/ifl-components/hooks/useWindowSize (required ^catalog:) @ https://c03.s3.indeed.com/hpfe/statics/scripts/homepageRemoteEntry.8749303fbdb64588.js:0
[    4923ms] [WARNING] Unsatisfied version 0 from react18_ifl7-shared of shared singleton module @apollo/client/core (required ^3.0.0) @ https://c03.s3.indeed.com/hpfe/statics/scripts/homepageRemoteEntry.8749303fbdb64588.js:0
[    4923ms] [WARNING] Unsatisfied version 18.3.1 from react18_ifl7-shared of shared singleton module react (required ^catalog:) @ https://c03.s3.indeed.com/hpfe/statics/scripts/homepageRemoteEntry.8749303fbdb64588.js:0
[    5077ms] [WARNING] An error occurred! For more details, see the full error text at https://go.apollo.dev/c/err#%7B%22version%22%3A%223.14.0%22%2C%22message%22%3A104%2C%22args%22%3A%5B%22ApolloClient%22%2C%22name%22%2C%22Please%20use%20the%20%60clientAwareness.name%60%20option%20instead.%22%5D%7D @ https://c03.s3.indeed.com/shared/react18_ifl7/174.982e4267028250d62ab5.js:0
[    5077ms] [WARNING] An error occurred! For more details, see the full error text at https://go.apollo.dev/c/err#%7B%22version%22%3A%223.14.0%22%2C%22message%22%3A17%2C%22args%22%3A%5B%5D%7D @ https://c03.s3.indeed.com/shared/react18_ifl7/174.982e4267028250d62ab5.js:0
[    5206ms] [WARNING] Unsatisfied version 7.7.0 from react18_ifl7-shared of shared singleton module @indeed/ifl-components (required ^5 || ^6.0.0) @ https://c03.s3.indeed.com/hpfe/statics/scripts/homepageRemoteEntry.8749303fbdb64588.js:0
[    5426ms] [ERROR]  Note that 'script-src' was not explicitly set, so 'default-src' is used as a fallback. @ https://c03.s3.indeed.com/mosaic-provider-rich-search/static/593.a4a29a3bf31f4a7fc5ce.js:1
[    5426ms] [ERROR]  Note that 'script-src' was not explicitly set, so 'default-src' is used as a fallback. @ https://c03.s3.indeed.com/mosaic-provider-rich-search/static/593.a4a29a3bf31f4a7fc5ce.js:1
[    5821ms] [WARNING] [GSI_LOGGER]: Your client application uses one of the Google One Tap prompt UI status methods that may stop functioning when FedCM becomes mandatory. Refer to the migration guide to update your code accordingly and opt-in to FedCM to test your changes. Learn more: https://developers.google.com/identity/gsi/web/guides/fedcm-migration?s=dc#display_moment and https://developers.google.com/identity/gsi/web/guides/fedcm-migration?s=dc#skipped_moment @ https://accounts.google.com/gsi/client:84
[    5832ms] [ERROR] Not signed in with the identity provider. @ https://br.indeed.com/:0
[    7932ms] [WARNING] Canvas2D: Multiple readback operations using getImageData are faster with the willReadFrequently attribute set to true. See: https://html.spec.whatwg.org/multipage/canvas.html#concept-canvas-will-read-frequently @ :0
[    7944ms] [WARNING] Canvas2D: Multiple readback operations using getImageData are faster with the willReadFrequently attribute set to true. See: https://html.spec.whatwg.org/multipage/canvas.html#concept-canvas-will-read-frequently @ :0
[   25174ms] [WARNING] Unsatisfied version 18.3.1 from react18_ifl7-shared of shared singleton module react/jsx-runtime (required ^catalog:) @ https://c03.s3.indeed.com/hpfe/statics/scripts/homepageRemoteEntry.8749303fbdb64588.js:0
[   25175ms] [WARNING] Unsatisfied version 18.3.1 from react18_ifl7-shared of shared singleton module react (required ^16.2.0 || ^17.0.0) @ https://c03.s3.indeed.com/hpfe/statics/scripts/homepageRemoteEntry.8749303fbdb64588.js:0
[   25175ms] [WARNING] Unsatisfied version 3.2.0-experimental.1 from @repo/homepage-ui of shared singleton module @indeed/mosaic-host-components/dist/server/mosaic/providerSharedState (required *) @ https://c03.s3.indeed.com/hpfe/statics/scripts/homepageRemoteEntry.8749303fbdb64588.js:0
[   25176ms] [WARNING] Unsatisfied version 3.14.0 from react18_ifl7-shared of shared singleton module @apollo/client (required ^catalog:) @ https://c03.s3.indeed.com/hpfe/statics/scripts/homepageRemoteEntry.8749303fbdb64588.js:0
[   25179ms] [WARNING] Unsatisfied version 7.7.0 from react18_ifl7-shared of shared singleton module @indeed/ifl-themes (required ^catalog:) @ https://c03.s3.indeed.com/hpfe/statics/scripts/homepageRemoteEntry.8749303fbdb64588.js:0
[   25179ms] [WARNING] Unsatisfied version 3.2.0-experimental.1 from @repo/homepage-ui of shared singleton module @indeed/mosaic-host-components/dist/MosaicApi (required *) @ https://c03.s3.indeed.com/hpfe/statics/scripts/homepageRemoteEntry.8749303fbdb64588.js:0
[   25180ms] [WARNING] Unsatisfied version 3.2.0-experimental.1 from @repo/homepage-ui of shared singleton module @indeed/mosaic-host-components (required *) @ https://c03.s3.indeed.com/hpfe/statics/scripts/homepageRemoteEntry.8749303fbdb64588.js:0
[   25181ms] [WARNING] Unsatisfied version 7.7.0 from react18_ifl7-shared of shared singleton module @indeed/ifl-components (required ^catalog:) @ https://c03.s3.indeed.com/hpfe/statics/scripts/homepageRemoteEntry.8749303fbdb64588.js:0
[   25181ms] [WARNING] Unsatisfied version 3.2.0-experimental.1 from @repo/homepage-ui of shared singleton module @indeed/mosaic-host-components (required *) @ https://c03.s3.indeed.com/hpfe/statics/scripts/homepageRemoteEntry.8749303fbdb64588.js:0
[   25181ms] [WARNING] Unsatisfied version 18.3.1 from react18_ifl7-shared of shared singleton module react-dom/client (required ^catalog:) @ https://c03.s3.indeed.com/hpfe/statics/scripts/homepageRemoteEntry.8749303fbdb64588.js:0
[   25181ms] [WARNING] Unsatisfied version 7.7.0 from react18_ifl7-shared of shared singleton module @indeed/ifl-components/hooks/useWindowSize (required ^catalog:) @ https://c03.s3.indeed.com/hpfe/statics/scripts/homepageRemoteEntry.8749303fbdb64588.js:0
[   25181ms] [WARNING] Unsatisfied version 0 from react18_ifl7-shared of shared singleton module @apollo/client/core (required ^3.0.0) @ https://c03.s3.indeed.com/hpfe/statics/scripts/homepageRemoteEntry.8749303fbdb64588.js:0
[   25181ms] [WARNING] Unsatisfied version 18.3.1 from react18_ifl7-shared of shared singleton module react (required ^catalog:) @ https://c03.s3.indeed.com/hpfe/statics/scripts/homepageRemoteEntry.8749303fbdb64588.js:0
[   25221ms] [WARNING] An error occurred! For more details, see the full error text at https://go.apollo.dev/c/err#%7B%22version%22%3A%223.14.0%22%2C%22message%22%3A104%2C%22args%22%3A%5B%22ApolloClient%22%2C%22name%22%2C%22Please%20use%20the%20%60clientAwareness.name%60%20option%20instead.%22%5D%7D @ https://c03.s3.indeed.com/shared/react18_ifl7/174.982e4267028250d62ab5.js:0
[   25221ms] [WARNING] An error occurred! For more details, see the full error text at https://go.apollo.dev/c/err#%7B%22version%22%3A%223.14.0%22%2C%22message%22%3A17%2C%22args%22%3A%5B%5D%7D @ https://c03.s3.indeed.com/shared/react18_ifl7/174.982e4267028250d62ab5.js:0
[   25298ms] [WARNING] Unsatisfied version 7.7.0 from react18_ifl7-shared of shared singleton module @indeed/ifl-tokens (required ^catalog:) @ https://c03.s3.indeed.com/hpfe/statics/scripts/homepageRemoteEntry.8749303fbdb64588.js:0
[   25298ms] [WARNING] Unsatisfied version 1.0.9 from react18_ifl7-shared of shared singleton module @indeed/ihl-use-id (required ^catalog:) @ https://c03.s3.indeed.com/hpfe/statics/scripts/homepageRemoteEntry.8749303fbdb64588.js:0
[   25298ms] [WARNING] Unsatisfied version 11.14.0 from react18_ifl7-shared of shared singleton module @emotion/react (required ^catalog:) @ https://c03.s3.indeed.com/hpfe/statics/scripts/homepageRemoteEntry.8749303fbdb64588.js:0
[   25298ms] [WARNING] Unsatisfied version 18.3.1 from react18_ifl7-shared of shared singleton module react-dom (required ^catalog:) @ https://c03.s3.indeed.com/hpfe/statics/scripts/homepageRemoteEntry.8749303fbdb64588.js:0
[   25299ms] [WARNING] Unsatisfied version 3.2.0-experimental.1 from @repo/homepage-ui of shared singleton module @indeed/mosaic-host-components/dist/server/mosaic/providerSharedState (required *) @ https://c03.s3.indeed.com/hpfe/statics/scripts/homepageRemoteEntry.8749303fbdb64588.js:0
[   25408ms] Error: Unable to load mosaic-provider-jobsearch-feedback because it was not initialized or was eagerly loaded. Check that the host backend received a valid provider response and that the final merged provider configuration has isLazy = true
    at c (https://c03.s3.indeed.com/mosaic-common/dist/813.e25feb6823f670467239.js:1:6464)
    at https://c03.s3.indeed.com/mosaic-common/dist/813.e25feb6823f670467239.js:1:5526
    at new Promise (<anonymous>)
    at Object.n [as registerProvider] (https://c03.s3.indeed.com/mosaic-common/dist/813.e25feb6823f670467239.js:1:5505)
    at https://c03.s3.indeed.com/hpfe/statics/75f69cc8f853eaf9/scripts/1921-1.es6.js:1:10801
    at window.mosaic.onMosaicApiReady (https://c03.s3.indeed.com/mosaic-common/dist/loadProviders.d9dc17f8fd2eda0acb8e.js?cacheKey=1:1:26580)
    at https://c03.s3.indeed.com/hpfe/statics/75f69cc8f853eaf9/scripts/1921-1.es6.js:1:10765
    at https://c03.s3.indeed.com/hpfe/statics/75f69cc8f853eaf9/scripts/1921-1.es6.js:1:11922
    at ti (https://c03.s3.indeed.com/shared/react18_ifl7/644.93e2ffc58669daea3074.js:2:98285)
    at gi (https://c03.s3.indeed.com/shared/react18_ifl7/644.93e2ffc58669daea3074.js:2:105510)
[   25548ms] [ERROR]  Note that 'script-src' was not explicitly set, so 'default-src' is used as a fallback. @ https://c03.s3.indeed.com/mosaic-provider-rich-search/static/593.a4a29a3bf31f4a7fc5ce.js:1
[   25548ms] [ERROR]  Note that 'script-src' was not explicitly set, so 'default-src' is used as a fallback. @ https://c03.s3.indeed.com/mosaic-provider-rich-search/static/593.a4a29a3bf31f4a7fc5ce.js:1
[   35236ms] [LOG] Download the Apollo DevTools for a better development experience: %s https://chrome.google.com/webstore/detail/apollo-client-developer-t/jdkknkkbebbapilgoeccciglkfbmbnfm @ https://c03.s3.indeed.com/shared/react18_ifl7/174.982e4267028250d62ab5.js:0
