[    1288ms] [INFO] ⏳ measure_backend_time: 803ms @ https://www.glassdoor.com.br/web-core-sam/static/core-230d54c5e40c76b7.min.js:1
[    1293ms] [INFO] ⏳ measure_site_init: 1283.3ms @ https://www.glassdoor.com.br/web-core-sam/static/core-230d54c5e40c76b7.min.js:1
[    1294ms] [INFO] ⏳ measure_core_bottom: 2.4ms @ https://www.glassdoor.com.br/web-core-sam/static/core-230d54c5e40c76b7.min.js:1
[    1444ms] [WARNING] A preload for 'https://unpkg.com/@dotlottie/player-component@2.7.12/dist/dotlottie-player.mjs' is found, but is not used because the request credentials mode does not match. Consider taking a look at crossorigin attribute. @ https://www.glassdoor.com.br/job-search-next/assets/_next/static/chunks/8915-938552cb9fb5377f.js:0
[    1789ms] [INFO] SR cached @ https://www.glassdoor.com.br/web-core-sam/static/sw-register-798e02d10b3e873d.min.js:0
[    1790ms] [INFO] Event: SW: success [cached] true @ https://www.glassdoor.com.br/web-core-sam/static/core-230d54c5e40c76b7.min.js:1
[    1891ms] [LOG] {} @ :5
[    1891ms] [LOG] {user registration date: undefined, user registration month: undefined, user email id: undefined, glassdoor admin: undefined, locked state: locked} @ :5
[    1891ms] [LOG] no DL user id @ :5
[    1891ms] [LOG] no stored DL user id @ :6
[    1908ms] [LOG] [Core Web Vitals] Beginning tag 'CHTML - Core Web Vitals - Initialization' @ :0
[    1909ms] [LOG] [Core Web Vitals] Beginning to load Web Vitals script @ :0
[    1909ms] [LOG] [Core Web Vitals] Ending tag 'Core Web Vitals - Initialization' @ :7
[    1929ms] [LOG] [Core Web Vitals] webVitals and / or webVitals.flushQueue not present (K); false false @ :15
[    2059ms] [LOG] [Core Web Vitals] Loaded Web Vitals script @ :1
[    2060ms] [LOG] [Core Web Vitals] Adding to queue: {"name":"FCP","value":1220,"rating":"good","delta":1220,"entries":[{"name":"first-contentful-paint","entryType":"paint","startTime":1220,"duration":0,"paintTime":1169.300000000745,"presentationTime":1220}],"id":"v5-1776346037569-2550973519998","navigationType":"navigate"} @ :2
[    2381ms] [LOG] [Core Web Vitals] Adding to queue: {"name":"TTFB","value":760.7000000011176,"rating":"good","delta":760.7000000011176,"entries":[{"name":"https://www.glassdoor.com.br/Job/sao-paulo-brazil-finance-controller-jobs-SRCH_IL.0,14_IC2231670_KO15,27.htm","entryType":"navigation","startTime":0,"duration":2358.300000000745,"initiatorType":"navigation","deliveryType":"","nextHopProtocol":"h2","renderBlockingStatus":"non-blocking","contentEncoding":"br","workerStart":0,"workerRouterEvaluationStart":0,"workerCacheLookupStart":0,"workerMatchedSourceType":"","workerFinalSourceType":"","redirectStart":0,"redirectEnd":0,"fetchStart":1.400000000372529,"domainLookupStart":2.800000000745058,"domainLookupEnd":5.700000001117587,"connectStart":5.700000001117587,"secureConnectionStart":25.5,"connectEnd":57.20000000111759,"requestStart":57.59999999962747,"responseStart":760.7000000011176,"firstInterimResponseStart":0,"finalResponseHeadersStart":760.7000000011176,"responseEnd":803.5999999996275,"transferSize":75448,"encodedBodySize":75148,"decodedBodySize":442554,"responseStatus":200,"serverTiming":[{"name":"cfCacheStatus","duration":0,"description":"DYNAMIC"},{"name":"cfEdge","duration":10,"description":""},{"name":"cfOrigin","duration":657,"description":""}],"unloadEventStart":0,"unloadEventEnd":0,"domInteractive":1252.0999999996275,"domContentLoadedEventStart":1254.300000000745,"domContentLoadedEventEnd":1255.5999999996275,"domComplete":2357.2000000011176,"loadEventStart":2357.5,"loadEventEnd":2358.300000000745,"type":"navigate","redirectCount":0,"activationStart":0,"criticalCHRestart":0,"notRestoredReasons":null,"confidence":{"randomizedTriggerRate":0.4994798,"value":"high"}}],"id":"v5-1776346037569-7470688521326","navigationType":"navigate"} @ :2
[    2577ms] [LOG] [Amplitude SR] Appending script... @ :0
[    2954ms] [LOG] [experiments-client] No variant assigned to flag: web-sihp-personalized-summary experiment:  warn @ https://www.glassdoor.com.br/sam-global-nav/static/lib-d3099387a005f288.min.js:10
[    2955ms] [TABLE] {flag_key: web-sihp-personalized-summary, metadata: Object} @ https://www.glassdoor.com.br/sam-global-nav/static/lib-d3099387a005f288.min.js:10
[    3006ms] [WARNING] Amplitude Logger [Warn]: [session-replay-browser] omitting selector "class*="EmployersDropdown-module__selectedEmployer"]" because it is invalid @ https://cdn.amplitude.com/libs/session-replay-browser-1.20.1-min.js.gz:0
[    3007ms] [WARNING] Amplitude Logger [Warn]: [session-replay-browser] omitting selector "class*="EmployersDropdown-module__selectedEmployer"] *" because it is invalid @ https://cdn.amplitude.com/libs/session-replay-browser-1.20.1-min.js.gz:0
[    3029ms] [WARNING] Amplitude Logger [Warn]: [session-replay-browser] omitting selector "class*="EmployersDropdown-module__selectedEmployer"]" because it is invalid @ https://cdn.amplitude.com/libs/session-replay-browser-1.20.1-min.js.gz:0
[    3029ms] [WARNING] Amplitude Logger [Warn]: [session-replay-browser] omitting selector "class*="EmployersDropdown-module__selectedEmployer"] *" because it is invalid @ https://cdn.amplitude.com/libs/session-replay-browser-1.20.1-min.js.gz:0
[    3159ms] [LOG] [experiments-client] No variant assigned to flag: onboarding-singular-entrypoint-onboard-5924 experiment:  warn @ https://www.glassdoor.com.br/user-login-sam-server/static/unifiedUserAuth-e35e517dd1bd635b.min.js:1
[    3159ms] [TABLE] {flag_key: onboarding-singular-entrypoint-onboard-5924, metadata: Object} @ https://www.glassdoor.com.br/user-login-sam-server/static/unifiedUserAuth-e35e517dd1bd635b.min.js:1
[    3409ms] [WARNING] [GSI_LOGGER]: Your client application uses one of the Google One Tap prompt UI status methods that may stop functioning when FedCM becomes mandatory. Refer to the migration guide to update your code accordingly and opt-in to FedCM to test your changes. Learn more: https://developers.google.com/identity/gsi/web/guides/fedcm-migration?s=dc#display_moment and https://developers.google.com/identity/gsi/web/guides/fedcm-migration?s=dc#skipped_moment @ https://accounts.google.com/gsi/client:84
[    3411ms] [ERROR] Not signed in with the identity provider. @ https://www.glassdoor.com.br/Job/sao-paulo-brazil-finance-controller-jobs-SRCH_IL.0,14_IC2231670_KO15,27.htm:0
[    6481ms] [WARNING] The resource https://unpkg.com/@dotlottie/player-component@2.7.12/dist/dotlottie-player.mjs was preloaded using link preload but not used within a few seconds from the window's load event. Please make sure it has an appropriate `as` value and it is preloaded intentionally. @ https://www.glassdoor.com.br/Job/sao-paulo-brazil-finance-controller-jobs-SRCH_IL.0,14_IC2231670_KO15,27.htm:0
[    6481ms] [WARNING] The resource https://www.glassdoor.com.br/job-search-next/assets/_next/static/css/cb8cb21b78446e88.css was preloaded using link preload but not used within a few seconds from the window's load event. Please make sure it has an appropriate `as` value and it is preloaded intentionally. @ https://www.glassdoor.com.br/Job/sao-paulo-brazil-finance-controller-jobs-SRCH_IL.0,14_IC2231670_KO15,27.htm:0
