[     761ms] [LOG] JQMIGRATE: Migrate is installed with logging active, version 3.3.1 @ https://tbcdn.talentbrew.com/bundles/jquery-client.js:18
[     788ms] [WARNING] JQMIGRATE: jQuery.type is deprecated @ https://tbcdn.talentbrew.com/bundles/jquery-client.js:18
[     821ms] [LOG] %c TabList v1.9 in use.  background: #6e00ee; color: #fff @ https://tbcdn.talentbrew.com/company/34155/js/67173-GST.min.js:0
[     821ms] [LOG] %c Horizontal Free-Scroller v1.4 in use.  background: #6e00ee; color: #fff @ https://tbcdn.talentbrew.com/company/34155/js/67173-GST.min.js:7
[     822ms] [ERROR] Failed to load resource: the server responded with a status of 404 () @ https://tbcdn.talentbrew.com/company/34155/gst_v1/lib/accessible-slick/ajax-loader.gif:0
[     830ms] [WARNING] JQMIGRATE: jQuery.fn.click() event shorthand is deprecated @ https://tbcdn.talentbrew.com/bundles/jquery-client.js:18
[     867ms] [ERROR] Failed to load resource: the server responded with a status of 404 () @ https://tbcdn.talentbrew.com/company/34155/gst_v1/lib/accessible-slick/fonts/slick.woff:0
[     886ms] [ERROR] Failed to load resource: the server responded with a status of 404 () @ https://tbcdn.talentbrew.com/company/34155/gst_v1/lib/accessible-slick/fonts/slick.ttf:0
[     890ms] [ERROR] Invalid 'X-Frame-Options' header encountered when loading 'https://sidebar.bugherd.com/': '' is not a recognized directive. The header will be ignored. @ https://sidebar.bugherd.com/sidebar/embed_html?apikey=hpvmlqjkjdgkiqugjhj4lq:0
[     914ms] [LOG] %cMagicBullet%cv2.2 background: #2d2d2d; color: #fff; padding: 6px 10px; border-radius: 16px 0 0 16px; font-weight: 600; background: #6e00ee; color: #fff; padding: 6px 10px; border-radius: 0 16px 16px 0; font-weight: 600; @ https://services.tmpwebeng.com/magicbullet/init.js:26
[    1023ms] [LOG] %cMagicBullet: A11y%cv2.0 background: #2d2d2d; color: #fff; padding: 6px 10px; border-radius: 16px 0 0 16px; font-weight: 600; background: #6e00ee; color: #fff; padding: 6px 10px; border-radius: 0 16px 16px 0; font-weight: 600; @ https://services.tmpwebeng.com/magicbullet/a11y/init.js:43
[    1024ms] [LOG] %cMagicBullet: A11y%cStatic Scripts ✔ background: #2d2d2d; color: #fff; padding: 6px 10px; border-radius: 16px 0 0 16px; font-weight: 600; background: #228B22; color: #fff; padding: 6px 10px; border-radius: 0 16px 16px 0; font-weight: 600; @ https://services.tmpwebeng.com/magicbullet/a11y/init.js:165
[    1025ms] [LOG] %cMagicBullet: A11y%cDynamic Scripts ✔ background: #2d2d2d; color: #fff; padding: 6px 10px; border-radius: 16px 0 0 16px; font-weight: 600; background: #228B22; color: #fff; padding: 6px 10px; border-radius: 0 16px 16px 0; font-weight: 600; @ https://services.tmpwebeng.com/magicbullet/a11y/init.js:143
[    2034ms] [LOG] %cMagicBullet: A11y%cDynamic Scripts ✔ background: #2d2d2d; color: #fff; padding: 6px 10px; border-radius: 16px 0 0 16px; font-weight: 600; background: #228B22; color: #fff; padding: 6px 10px; border-radius: 0 16px 16px 0; font-weight: 600; @ https://services.tmpwebeng.com/magicbullet/a11y/init.js:143
[  131055ms] [LOG] JQMIGRATE: Migrate is installed with logging active, version 3.3.1 @ https://tbcdn.talentbrew.com/bundles/jquery-client.js:18
[  131101ms] [LOG] %c TabList v1.9 in use.  background: #6e00ee; color: #fff @ https://tbcdn.talentbrew.com/company/34155/js/67173-Primary-CMS-Theme.min.js:0
[  131103ms] [LOG] %c Horizontal Free-Scroller v1.4 in use.  background: #6e00ee; color: #fff @ https://tbcdn.talentbrew.com/company/34155/js/67173-Primary-CMS-Theme.min.js:7
[  131125ms] [WARNING] JQMIGRATE: jQuery.fn.click() event shorthand is deprecated @ https://tbcdn.talentbrew.com/bundles/jquery-client.js:18
[  131223ms] [ERROR] Invalid 'X-Frame-Options' header encountered when loading 'https://sidebar.bugherd.com/': '' is not a recognized directive. The header will be ignored. @ https://sidebar.bugherd.com/sidebar/embed_html?apikey=hpvmlqjkjdgkiqugjhj4lq:0
[  131274ms] [LOG] %cMagicBullet%cv2.2 background: #2d2d2d; color: #fff; padding: 6px 10px; border-radius: 16px 0 0 16px; font-weight: 600; background: #6e00ee; color: #fff; padding: 6px 10px; border-radius: 0 16px 16px 0; font-weight: 600; @ https://services.tmpwebeng.com/magicbullet/init.js:26
[  131388ms] [LOG] %cMagicBullet: A11y%cv2.0 background: #2d2d2d; color: #fff; padding: 6px 10px; border-radius: 16px 0 0 16px; font-weight: 600; background: #6e00ee; color: #fff; padding: 6px 10px; border-radius: 0 16px 16px 0; font-weight: 600; @ https://services.tmpwebeng.com/magicbullet/a11y/init.js:43
[  131389ms] [LOG] %cMagicBullet: A11y%cStatic Scripts ✔ background: #2d2d2d; color: #fff; padding: 6px 10px; border-radius: 16px 0 0 16px; font-weight: 600; background: #228B22; color: #fff; padding: 6px 10px; border-radius: 0 16px 16px 0; font-weight: 600; @ https://services.tmpwebeng.com/magicbullet/a11y/init.js:165
[  131390ms] [LOG] %cMagicBullet: A11y%cDynamic Scripts ✔ background: #2d2d2d; color: #fff; padding: 6px 10px; border-radius: 16px 0 0 16px; font-weight: 600; background: #228B22; color: #fff; padding: 6px 10px; border-radius: 0 16px 16px 0; font-weight: 600; @ https://services.tmpwebeng.com/magicbullet/a11y/init.js:143
