Retrieving project…
Deploying akashkainturas-projects/dashboard-v2
Inspect: https://vercel.com/akashkainturas-projects/dashboard-v2/8dwznympyzUhiEHbicJwWMgLBSKW [2s]
Production: https://dashboard-v2-2h8bhn8ty-akashkainturas-projects.vercel.app [2s]
https://dashboard-v2-2h8bhn8ty-akashkainturas-projects.vercel.appBuilding...
Building: Running build in Washington, D.C., USA (East) – iad1
Building: Build machine configuration: 2 cores, 8 GB
Building: Retrieving list of deployment files...
Building: Downloading 46 deployment files...
Building: Downloading 46 deployment files...
Building: Restored build cache from previous deployment (27XEGu8VCLvniRDsmtgaS4zXJ8dB)
Building: Running "vercel build"
Building: Vercel CLI 51.6.1
Building: Detected `pnpm-lock.yaml` 9 which may be generated by pnpm@9.x or pnpm@10.x
Building: Using pnpm@10.x based on project creation date
Building: To use pnpm@9.x, manually opt in using corepack (https://vercel.com/docs/deployments/configure-a-build#corepack)
Building: Installing dependencies...
Building: Lockfile is up to date, resolution step is skipped
Building: Already up to date
Building: Done in 1s using pnpm v10.28.0
Building: Detected Next.js version: 16.2.3
Building: Running "pnpm run build"
Building: > dashboard-v2@0.1.0 build /vercel/path0
Building: > next build
Building: Applying modifyConfig from Vercel
Building: ▲ Next.js 16.2.3 (Turbopack)
Building: ⚠ The "middleware" file convention is deprecated. Please use "proxy" instead. Learn more: https://nextjs.org/docs/messages/middleware-to-proxy
Building: Creating an optimized production build ...
Building: Turbopack build encountered 1 warnings:
Building: ./next.config.ts
Building: Encountered unexpected file in NFT list
Building: A file was traced that indicates that the whole project was traced unintentionally. Somewhere in the import trace below, there are:
Building: - filesystem operations (like path.join, path.resolve or fs.readFile), or
Building: - very dynamic requires (like require('./' + foo)).
Building: To resolve this, you can
Building: - remove them if possible, or
Building: - only use them in development, or
Building: - make sure they are statically scoped to some subfolder: path.join(process.cwd(), 'data', bar), or
Building: - add ignore comments: path.join(/*turbopackIgnore: true*/ process.cwd(), bar)
Building: Import trace:
Building: App Route:
Building: ./next.config.ts
Building: ./src/app/api/exec/route.ts
Building: ✓ Compiled successfully in 12.9s
Building: Running TypeScript ...
Error: Command "pnpm run build" exited with 1
